Log file open, 05/05/17 11:04:45
LogInit:Display: Running engine for game: VRFP_Template
LogPlatformFile: Not using cached read wrapper
LogInit:Display: RandInit(-2046831026) SRandInit(-2046831026).
LogTaskGraph: Started task graph with 5 named threads and 8 total threads with 1 sets of task threads.
LogStats: Stats thread started at 0.104036
LogInit: Using libcurl 7.47.1
LogInit:  - built for x86_64-pc-win32
LogInit:  - supports SSL with OpenSSL/1.0.2g
LogInit:  - supports HTTP deflate (compression) using libz 1.2.8
LogInit:  - other features:
LogInit:      CURL_VERSION_SSL
LogInit:      CURL_VERSION_LIBZ
LogInit:      CURL_VERSION_IPV6
LogInit:      CURL_VERSION_ASYNCHDNS
LogInit:      CURL_VERSION_LARGEFILE
LogInit:      CURL_VERSION_IDN
LogInit:  CurlRequestOptions (configurable via config and command line):
LogInit:  - bVerifyPeer = false  - Libcurl will NOT verify peer certificate
LogInit:  - bUseHttpProxy = false  - Libcurl will NOT use HTTP proxy
LogInit:  - bDontReuseConnections = false  - Libcurl will reuse connections
LogInit:  - CertBundlePath = nullptr  - Libcurl will use whatever was configured at build time.
OCULUS: Info: [CAPI] LibOVR module is located at C:\Program Files\Oculus\Support\oculus-runtime\LibOVRRT64_1.dll
OCULUS: Debug: Connected to the server running version (prod = 1).1.14.0(build = 378771) feature version = 0. Client runs version (prod = 1).1.14.0(build = 378771) feature version = 0
LogHMD: GearVR: Emulating GearVR using Oculus Rift!
LogInit: Build: ++UE4+Release-4.15-CL-3416026
LogInit: Engine Version: 4.15.2-3416026+++UE4+Release-4.15
LogInit: Compatible Engine Version: 4.15.0-3299760+++UE4+Release-4.15
LogInit: Net CL: 3299760
LogDevObjectVersion: Number of dev versions registered: 14
LogDevObjectVersion:   Dev-Blueprints (B0D832E4-1F89-4F0D-ACCF-7EB736FD4AA2): 8
LogDevObjectVersion:   Dev-Build (E1C64328-A22C-4D53-A36C-8E866417BD8C): 0
LogDevObjectVersion:   Dev-Core (375EC13C-06E4-48FB-B500-84F0262A717E): 2
LogDevObjectVersion:   Dev-Editor (E4B068ED-F494-42E9-A231-DA0B2E46BB41): 14
LogDevObjectVersion:   Dev-Framework (CFFC743F-43B0-4480-9391-14DF171D2073): 22
LogDevObjectVersion:   Dev-Mobile (B02B49B5-BB20-44E9-A304-32B752E40360): 0
LogDevObjectVersion:   Dev-Networking (A4E4105C-59A1-49B5-A7C5-40C4547EDFEE): 0
LogDevObjectVersion:   Dev-Online (39C831C9-5AE6-47DC-9A44-9C173E1C8E7C): 0
LogDevObjectVersion:   Dev-Physics (78F01B33-EBEA-4F98-B9B4-84EACCB95AA2): 0
LogDevObjectVersion:   Dev-Platform (6631380F-2D4D-43E0-8009-CF276956A95A): 0
LogDevObjectVersion:   Dev-Rendering (12F88B9F-8875-4AFC-A67C-D90C383ABD29): 12
LogDevObjectVersion:   Dev-Sequencer (7B5AE74C-D270-4C10-A958-57980B212A5A): 3
LogDevObjectVersion:   Dev-VR (D7296918-1DD6-4BDD-9DE2-64A83CC13884): 0
LogDevObjectVersion:   Dev-LoadTimes (C2A15278-BFE7-4AFE-6C17-90FF531DF755): 1
LogInit: Compiled (64-bit): May  1 2017 13:11:28
LogInit: Compiled with Visual C++: 19.00.23026.00
LogInit: Build Configuration: Development
LogInit: Branch Name: ++UE4+Release-4.15
LogInit: Command line:  
LogInit: Base directory: C:/Program Files/Epic Games/UE_4.15/Engine/Binaries/Win64/
LogInit: Installed Engine Build: 1
LogInit: Presizing for max 8388607 objects, including 0 objects not considered by GC, pre-allocating 0 bytes for permanent pool.
LogInit: Object subsystem initialized
[2017.05.05-09.04.47:256][  0]LogInit: Selected Device Profile: [Windows]
[2017.05.05-09.04.47:256][  0]LogInit: Applying CVar settings loaded from the selected device profile: [Windows]
[2017.05.05-09.04.47:288][  0]LogInit: Computer: MROG2
[2017.05.05-09.04.47:288][  0]LogInit: User: MathieuVENOT
[2017.05.05-09.04.47:288][  0]LogInit: CPU Page size=65536, Cores=4
[2017.05.05-09.04.47:288][  0]LogInit: High frequency timer resolution =2.250000 MHz
[2017.05.05-09.04.47:288][  0]LogMemory: Memory total: Physical=15.9GB (16GB approx)
[2017.05.05-09.04.47:288][  0]LogMemory: Platform Memory Stats for Windows
[2017.05.05-09.04.47:288][  0]LogMemory: Process Physical Memory: 267.70 MB used, 267.70 MB peak
[2017.05.05-09.04.47:288][  0]LogMemory: Process Virtual Memory: 265.53 MB used, 265.53 MB peak
[2017.05.05-09.04.47:288][  0]LogMemory: Physical Memory: 8530.77 MB used,  7786.37 MB free, 16317.14 MB total
[2017.05.05-09.04.47:288][  0]LogMemory: Virtual Memory: 681.41 MB used,  7786.37 MB free, 134217728.00 MB total
[2017.05.05-09.04.47:587][  0]LogTextLocalizationManager: No translations for ('fr-FR') exist, falling back to 'en' for localization and internationalization data.
[2017.05.05-09.04.50:366][  0]LogD3D11RHI: D3D11 adapters:
[2017.05.05-09.04.50:398][  0]LogD3D11RHI:    0. 'NVIDIA GeForce GTX 1060' (Feature Level 11_0)
[2017.05.05-09.04.50:398][  0]LogD3D11RHI:       6084/0/8158 MB DedicatedVideo/DedicatedSystem/SharedSystem, Outputs:2, VendorId:0x10de
[2017.05.05-09.04.50:418][  0]LogD3D11RHI:    1. 'Microsoft Basic Render Driver' (Feature Level 11_0)
[2017.05.05-09.04.50:418][  0]LogD3D11RHI:       0/0/8158 MB DedicatedVideo/DedicatedSystem/SharedSystem, Outputs:0, VendorId:0x1414
[2017.05.05-09.04.50:418][  0]LogD3D11RHI: Chosen D3D11 Adapter: 0
[2017.05.05-09.04.50:423][  0]LogD3D11RHI: Creating new Direct3DDevice
[2017.05.05-09.04.50:423][  0]LogD3D11RHI:     GPU DeviceId: 0x1c60 (for the marketing name, search the web for "GPU Device Id")
[2017.05.05-09.04.50:423][  0]LogWindows: EnumDisplayDevices:
[2017.05.05-09.04.50:423][  0]LogWindows:    0. 'NVIDIA GeForce GTX 1060' (P:1 D:1)
[2017.05.05-09.04.50:423][  0]LogWindows:    1. 'NVIDIA GeForce GTX 1060' (P:0 D:1)
[2017.05.05-09.04.50:424][  0]LogWindows:    2. 'NVIDIA GeForce GTX 1060' (P:0 D:0)
[2017.05.05-09.04.50:424][  0]LogWindows:    3. 'NVIDIA GeForce GTX 1060' (P:0 D:0)
[2017.05.05-09.04.50:424][  0]LogWindows: DebugString: FoundDriverCount:4 
[2017.05.05-09.04.50:424][  0]LogD3D11RHI:     Adapter Name: NVIDIA GeForce GTX 1060
[2017.05.05-09.04.50:424][  0]LogD3D11RHI:   Driver Version: 381.89 (internal:22.21.13.8189, unified:381.89)
[2017.05.05-09.04.50:424][  0]LogD3D11RHI:      Driver Date: 4-19-2017
[2017.05.05-09.04.50:424][  0]LogRHI: Texture pool is 1361 MB (70% of 1945 MB)
[2017.05.05-09.04.50:447][  0]LogD3D11RHI: [Aftermath] Aftermath enabled and primed
[2017.05.05-09.04.50:447][  0]LogD3D11RHI: Async texture creation enabled
[2017.05.05-09.04.50:458][  0]LogD3D11RHI: GPU Timing Frequency: 1000.000000 (Debug: 2 1)
[2017.05.05-09.04.50:550][  0]LogShaderCompilers: Guid format shader working directory is 6 characters bigger than the processId version (../../../../../../Unreal_Projects/VRFP_Template/Intermediate/Shaders/WorkingDirectory/13152/).
[2017.05.05-09.04.50:550][  0]LogShaderCompilers: Cleaned the shader compiler working directory 'C:/Users/Mathieu_VENOT/AppData/Local/Temp/UnrealShaderWorkingDir/06861CAF44E048F9175139809DAB971C/'.
[2017.05.05-09.04.50:550][  0]LogShaderCompilers:Display: Using Local Shader Compiler.
[2017.05.05-09.04.53:212][  0]LogTemp:Display: Loaded TP AllDesktopTargetPlatform
[2017.05.05-09.04.53:274][  0]LogTemp:Display: Loaded TP MacClientTargetPlatform
[2017.05.05-09.04.53:336][  0]LogTemp:Display: Loaded TP MacNoEditorTargetPlatform
[2017.05.05-09.04.53:397][  0]LogTemp:Display: Loaded TP MacServerTargetPlatform
[2017.05.05-09.04.53:464][  0]LogTemp:Display: Loaded TP MacTargetPlatform
[2017.05.05-09.04.53:527][  0]LogTemp:Display: Loaded TP WindowsClientTargetPlatform
[2017.05.05-09.04.53:592][  0]LogTemp:Display: Loaded TP WindowsNoEditorTargetPlatform
[2017.05.05-09.04.53:656][  0]LogTemp:Display: Loaded TP WindowsServerTargetPlatform
[2017.05.05-09.04.53:707][  0]LogTemp:Display: Loaded TP WindowsTargetPlatform
[2017.05.05-09.04.53:771][  0]LogTemp:Display: Loaded TP AndroidTargetPlatform
[2017.05.05-09.04.53:835][  0]LogTemp:Display: Loaded TP Android_ASTCTargetPlatform
[2017.05.05-09.04.53:896][  0]LogTemp:Display: Loaded TP Android_ATCTargetPlatform
[2017.05.05-09.04.53:956][  0]LogTemp:Display: Loaded TP Android_DXTTargetPlatform
[2017.05.05-09.04.54:018][  0]LogTemp:Display: Loaded TP Android_ETC1TargetPlatform
[2017.05.05-09.04.54:079][  0]LogTemp:Display: Loaded TP Android_ETC2TargetPlatform
[2017.05.05-09.04.54:201][  0]LogTemp:Display: Loaded TP Android_MultiTargetPlatform
[2017.05.05-09.04.54:201][  0]LogTemp:Display: Loaded TP Android_PVRTCTargetPlatform
[2017.05.05-09.04.54:244][  0]LogTemp:Display: Loaded TP HTML5TargetPlatform
[2017.05.05-09.04.54:378][  0]LogTemp:Display: Loaded TP IOSTargetPlatform
[2017.05.05-09.04.54:416][  0]LogTemp:Display: Loaded TP TVOSTargetPlatform
[2017.05.05-09.04.54:476][  0]LogTemp:Display: Loaded TP LinuxClientTargetPlatform
[2017.05.05-09.04.54:535][  0]LogTemp:Display: Loaded TP LinuxNoEditorTargetPlatform
[2017.05.05-09.04.54:593][  0]LogTemp:Display: Loaded TP LinuxServerTargetPlatform
[2017.05.05-09.04.54:657][  0]LogTemp:Display: Loaded TP LinuxTargetPlatform
[2017.05.05-09.04.54:657][  0]LogTargetPlatformManager:Display: Building Assets For Windows
[2017.05.05-09.04.55:416][  0]LogDerivedDataCache:Display: Max Cache Size: 512 MB
[2017.05.05-09.04.55:478][  0]LogDerivedDataCache: Loaded boot cache 0.06s 61MB C:/Users/Mathieu_VENOT/AppData/Local/UnrealEngine/4.15/DerivedDataCache/Boot.ddc.
[2017.05.05-09.04.55:478][  0]LogDerivedDataCache:Display: Loaded Boot cache: C:/Users/Mathieu_VENOT/AppData/Local/UnrealEngine/4.15/DerivedDataCache/Boot.ddc
[2017.05.05-09.04.55:478][  0]LogDerivedDataCache: FDerivedDataBackendGraph:  Pak pak cache file ../../../../../../Unreal_Projects/VRFP_Template/DerivedDataCache/DDC.ddp not found, will not use a pak cache.
[2017.05.05-09.04.55:478][  0]LogDerivedDataCache: Unable to find inner node Pak for hierarchical cache Hierarchy.
[2017.05.05-09.04.55:478][  0]LogDerivedDataCache: FDerivedDataBackendGraph:  CompressedPak pak cache file ../../../../../../Unreal_Projects/VRFP_Template/DerivedDataCache/Compressed.ddp not found, will not use a pak cache.
[2017.05.05-09.04.55:478][  0]LogDerivedDataCache: Unable to find inner node CompressedPak for hierarchical cache Hierarchy.
[2017.05.05-09.04.55:506][  0]LogDerivedDataCache:Display: Pak cache opened for reading ../../../Engine/DerivedDataCache/Compressed.ddp.
[2017.05.05-09.04.55:517][  0]LogDerivedDataCache: Using Local data cache path C:/Users/Mathieu_VENOT/AppData/Local/UnrealEngine/Common/DerivedDataCache: Writable
[2017.05.05-09.04.55:528][  0]LogSlate: Using Freetype 2.6.0
[2017.05.05-09.04.55:540][  0]LogSlate: SlateFontCache - WITH_FREETYPE: 1, WITH_HARFBUZZ: 1
[2017.05.05-09.04.55:540][  0]LogSlate: SlateFontCache - WITH_FREETYPE: 1, WITH_HARFBUZZ: 1
[2017.05.05-09.04.58:296][  0]LogInit: Selected Device Profile: [Windows]
[2017.05.05-09.04.58:300][  0]LogContentStreaming: Texture pool size is 0.00 MB
[2017.05.05-09.04.58:532][  0]LogMeshUtilities: Using QuadricMeshReduction for automatic static mesh reduction
[2017.05.05-09.04.58:576][  0]LogSimplygon: Simplygon DLL not present - disabling.
[2017.05.05-09.04.58:625][  0]LogMeshUtilities: Using SimplygonSwarm for distributed automatic mesh merging
[2017.05.05-09.04.58:625][  0]LogMeshUtilities: No automatic skeletal mesh reduction module available
[2017.05.05-09.04.58:625][  0]LogMeshUtilities: No automatic mesh merging module available
[2017.05.05-09.04.59:236][  0]LogNetVersion: GetLocalNetworkVersion: CL: 3299760, ProjectName: vrfp_template, ProjectVersion: , EngineNetworkVersion: 2, GameNetworkVersion: 0, NetworkChecksum: 3159130397
[2017.05.05-09.04.59:283][  0]LogAssetRegistry: FAssetRegistry took 0.0211 seconds to start up
[2017.05.05-09.04.59:322][  0]LogPackageLocalizationCache: Processed 3 localized package path(s) for 1 prioritized culture(s) in 0.016268 seconds
[2017.05.05-09.04.59:328][  0]LogUObjectArray: 32493 objects as part of root set at end of initial load.
[2017.05.05-09.04.59:328][  0]LogUObjectAllocator: 7077032 out of 0 bytes used by permanent object pool.
[2017.05.05-09.04.59:328][  0]LogUObjectArray: CloseDisregardForGC: 0/0 objects in disregard for GC pool
[2017.05.05-09.04.59:395][  0]LogInit: WinSock: version 1.1 (2.2), MaxSocks=32767, MaxUdp=65467
[2017.05.05-09.05.02:068][  0]LogTcpMessaging: Initializing TcpMessaging bridge
[2017.05.05-09.05.02:107][  0]LogUdpMessaging: Initializing bridge on interface 0.0.0.0:0 to multicast group 230.0.0.1:6666.
[2017.05.05-09.05.02:618][  0]LogMaterial: Uniform references updated for custom material expression Custom.
[2017.05.05-09.05.03:028][  0]SourceControl: Info Source control is disabled
[2017.05.05-09.05.03:029][  0]SourceControl: Info Source control is disabled
[2017.05.05-09.05.03:076][  0]SourceControl: Info Source control is disabled
[2017.05.05-09.05.03:123][  0]SourceControl: Info Source control is disabled
[2017.05.05-09.05.04:419][  0]LogEngine: Initializing Engine...
[2017.05.05-09.05.04:470][  0]LogHMD: Failed to initialize OpenVR with code 108
[2017.05.05-09.05.04:470][  0]LogHMD: Oculus plugin initialized. Version: 4.15.2-3416026+++UE4+Release-4.15, LibOVR: 1.14.0, SDK: 1.10.0, built May  1 2017, 13:17:57
[2017.05.05-09.05.04:600][  0]LogStats: UGameplayTagsManager::ConstructGameplayTagTree: Construct from data asset -  0.000 s
[2017.05.05-09.05.04:600][  0]LogStats: UGameplayTagsManager::ConstructGameplayTagTree: GameplayTagTreeChangedEvent.Broadcast -  0.000 s
[2017.05.05-09.05.04:726][  0]LogAIModule: Creating AISystem for world Untitled
[2017.05.05-09.05.04:732][  0]LogInit: XAudio2 using 'Speakers (Realtek High Definition Audio)' : 2 channels at 48 kHz using 32 bits per sample (channel mask 0x3)
[2017.05.05-09.05.04:745][  0]LogInit: FAudioDevice initialized.
[2017.05.05-09.05.04:770][  0]LogDerivedDataCache: Saved boot cache 0.02s 51MB C:/Users/Mathieu_VENOT/AppData/Local/UnrealEngine/4.15/DerivedDataCache/Boot.ddc.
[2017.05.05-09.05.04:776][  0]LogInit: Texture streaming: Enabled
[2017.05.05-09.05.04:876][  0]LogEngineSessionManager: EngineSessionManager initialized
[2017.05.05-09.05.05:033][  0]LogInit: Transaction tracking system initialized
[2017.05.05-09.05.05:408][  0]BlueprintLog: New page: Editor Load
[2017.05.05-09.05.06:375][  0]LocalizationService: Info Localization service is disabled
[2017.05.05-09.05.07:147][  0]LogConsoleResponse:Display: 
[2017.05.05-09.05.07:352][  0]LogCook:Display: Max memory allowance for cook 16384mb min free memory 0mb
[2017.05.05-09.05.07:352][  0]LogCook:Display: Mobile HDR setting 1
[2017.05.05-09.05.07:491][  0]LogFileCache: Scanning file cache for directory 'C:/Unreal_Projects/VRFP_Template/Content/' took 0.01s
[2017.05.05-09.05.08:470][  0]SourceControl: Info Source control is disabled
[2017.05.05-09.05.08:470][  0]Cmd: MAP LOAD FILE="../../../../../../Unreal_Projects/VRFP_Template/Content/VirtualRealityBP/Maps/MotionControllerMap.umap" TEMPLATE=0 SHOWPROGRESS=1 FEATURELEVEL=3
[2017.05.05-09.05.08:470][  0]LightingResults: New page: Lighting Build
[2017.05.05-09.05.08:512][  0]MapCheck: New page: Map Check
[2017.05.05-09.05.08:512][  0]LightingResults: New page: Lighting Build
[2017.05.05-09.05.09:827][  0]LogAIModule: Creating AISystem for world MotionControllerMap
[2017.05.05-09.05.09:856][  0]LogEditorServer: Finished looking for orphan Actors (0.000 secs)
[2017.05.05-09.05.09:856][  0]Cmd: MAP CHECKDEP NOCLEARLOG
[2017.05.05-09.05.09:901][  0]MapCheck: Info Map check complete: 0 Error(s), 0 Warning(s), took 43.836ms to complete.
[2017.05.05-09.05.09:901][  0]LogFileHelpers: Loading map 'MotionControllerMap' took 1.431
[2017.05.05-09.05.10:138][  0]LogCollectionManager: Loaded 0 collections in 0.001712 seconds
[2017.05.05-09.05.10:226][  0]LogFileCache: Scanning file cache for directory 'C:/Unreal_Projects/VRFP_Template/Saved/Collections/' took 0.01s
[2017.05.05-09.05.10:226][  0]LogFileCache: Scanning file cache for directory 'C:/Unreal_Projects/VRFP_Template/Content/Developers/MathieuVENOT/Collections/' took 0.01s
[2017.05.05-09.05.10:226][  0]LogFileCache: Scanning file cache for directory 'C:/Unreal_Projects/VRFP_Template/Content/Collections/' took 0.01s
[2017.05.05-09.05.10:226][  0]LogCollectionManager: Rebuilt the GUID cache for 0 collections in 0.000001 seconds
[2017.05.05-09.05.10:237][  0]LogContentBrowser: Native class hierarchy populated in 0.0099 seconds. Added 2245 classes and 453 folders.
[2017.05.05-09.05.10:307][  0]LogContentBrowser: Native class hierarchy updated for 'WidgetCarousel' in 0.0006 seconds. Added 0 classes and 0 folders.
[2017.05.05-09.05.10:616][  0]LogContentBrowser: Native class hierarchy updated for 'AddContentDialog' in 0.0005 seconds. Added 0 classes and 0 folders.
[2017.05.05-09.05.10:662][  0]LogContentBrowser: Native class hierarchy updated for 'SceneOutliner' in 0.0005 seconds. Added 1 classes and 2 folders.
[2017.05.05-09.05.10:819][  0]LogCrashTracker: Crashtracker disabled due to settings.
[2017.05.05-09.05.10:827][  0]LogUObjectGlobals:Warning: Failed to find object 'Class None.'
[2017.05.05-09.05.10:893][  0]LogContentBrowser: Native class hierarchy updated for 'HierarchicalLODOutliner' in 0.0006 seconds. Added 1 classes and 2 folders.
[2017.05.05-09.05.10:894][  0]LogLoad: (Engine Initialization) Total time: 27.69 seconds
[2017.05.05-09.05.10:894][  0]LogLoad: (Engine Initialization) Total Blueprint compile time: 0.32 seconds
[2017.05.05-09.05.10:894][  0]LogExternalProfiler: No external profilers were discovered.  External profiling features will not be available.
[2017.05.05-09.05.10:911][  0]LogOcInput: OculusInput pre-init called
[2017.05.05-09.05.10:925][  0]LogOcInput: OculusInput is initialized. Init status 0. Runtime version: 1.14.0
[2017.05.05-09.05.10:947][  0]LogContentStreaming: Texture pool size now 3000 MB
[2017.05.05-09.05.10:948][  0]LogSlate: Took 0.000225 seconds to synchronously load lazily loaded font '../../../Engine/Content/Slate/Fonts/Roboto-Regular.ttf' (155K)
[2017.05.05-09.05.10:955][  0]LogSlate: Took 0.003548 seconds to synchronously load lazily loaded font '../../../Engine/Content/Slate/Fonts/Roboto-Bold.ttf' (160K)
[2017.05.05-09.05.10:965][  0]LogSlate: Took 0.003706 seconds to synchronously load lazily loaded font '../../../Engine/Content/Editor/Slate/Fonts/FontAwesome.ttf' (139K)
[2017.05.05-09.05.11:097][  0]LogSlate: Took 0.000147 seconds to synchronously load lazily loaded font '../../../Engine/Content/Slate/Fonts/Roboto-Light.ttf' (159K)
[2017.05.05-09.05.11:147][  0]LogRenderer: Reallocating scene render targets to support 1208x576 NumSamples 1 (Frame:2).
[2017.05.05-09.05.11:238][  1]LogAssetRegistry: Asset discovery search completed in 11.9761 seconds
[2017.05.05-09.05.11:238][  1]LogCollectionManager: Rebuilt the object cache for 0 collections in 0.000005 seconds (found 0 objects)
[2017.05.05-09.05.11:238][  1]LogCollectionManager: Fixed up redirectors for 0 collections in 0.000020 seconds (updated 0 objects)
[2017.05.05-09.06.36:000][399]LogSlate: Only BGRA pngs, bmps or icos are supported in by External Image Picker
[2017.05.05-09.06.36:053][400]LogTemp:Display: Executing iPhonePackager certificates Engine -bundlename com.YourCompany.VRFPTemplate

[2017.05.05-09.06.36:054][400]LogTemp:Display: CWD: C:\Program Files\Epic Games\UE_4.15\Engine\Binaries\DotNET\IOS

[2017.05.05-09.06.36:054][400]LogTemp:Display: Initial Dir: C:\Program Files\Epic Games\UE_4.15

[2017.05.05-09.06.36:054][400]LogTemp:Display: Env CWD: C:\Program Files\Epic Games\UE_4.15\Engine\Binaries\DotNET\IOS

[2017.05.05-09.06.36:054][400]LogTemp:Display: BranchPath = MROG2/C/Program Files/Epic Games/UE_4.15/Engine/Binaries --- GameBranchPath = MROG2/C/Program Files/Epic Games/UE_4.15/Engine/Binaries

[2017.05.05-09.06.36:086][402]LogTemp:Display: IPP ERROR: Application exception: System.IO.DirectoryNotFoundException: Could not find a part of the path 'C:\Users\Mathieu_VENOT\AppData\Local\Apple Computer\MobileDevice\Provisioning Profiles'.

[2017.05.05-09.06.36:086][402]LogTemp:Display:    at System.IO.__Error.WinIOError(Int32 errorCode, String maybeFullPath)

[2017.05.05-09.06.36:086][402]LogTemp:Display:    at System.IO.FileSystemEnumerableIterator`1.CommonInit()

[2017.05.05-09.06.36:086][402]LogTemp:Display:    at System.IO.Directory.EnumerateFiles(String path, String searchPattern)

[2017.05.05-09.06.36:086][402]LogTemp:Display:    at iPhonePackager.CodeSignatureBuilder.FindProvisions(String CFBundleIdentifier)

[2017.05.05-09.06.36:086][402]LogTemp:Display:    at iPhonePackager.Program.Main(String[] args)

[2017.05.05-09.08.20:577][691]LogSlate: Took 0.000143 seconds to synchronously load lazily loaded font '../../../Engine/Content/Slate/Fonts/Roboto-Light.ttf' (159K)
[2017.05.05-09.08.21:082][691]LogContentBrowser: Native class hierarchy updated for 'BlueprintGraph' in 0.0009 seconds. Added 112 classes and 0 folders.
[2017.05.05-09.08.21:821][691]LogSlate: Took 0.000157 seconds to synchronously load lazily loaded font '../../../Engine/Content/Editor/Slate/Fonts/Roboto-BoldCondensed.ttf' (158K)
[2017.05.05-09.08.21:999][692]LogSlate: Took 0.000156 seconds to synchronously load lazily loaded font '../../../Engine/Content/Editor/Slate/Fonts/Roboto-Italic.ttf' (157K)
[2017.05.05-09.10.01:294][405]BlueprintLog: New page: Compile FirstPersonCharacter
[2017.05.05-09.10.02:145][442]LogSavePackage: Save=40.28ms
[2017.05.05-09.10.02:145][442]LogSavePackage: Moving '../../../../../../Unreal_Projects/VRFP_Template/Saved/FirstPersonCharacterDE451D434B6096C01D3B619006A65594.tmp' to '../../../../../../Unreal_Projects/VRFP_Template/Content/FirstPersonBP/Blueprints/FirstPersonCharacter.uasset'
[2017.05.05-09.10.02:148][442]LogSavePackage:Display: Finished SavePackage ../../../../../../Unreal_Projects/VRFP_Template/Content/FirstPersonBP/Blueprints/FirstPersonCharacter.uasset
[2017.05.05-09.10.20:385][109]BlueprintLog: New page: Compile FirstPersonCharacter
[2017.05.05-09.10.21:175][144]LogSavePackage: Save=45.28ms
[2017.05.05-09.10.21:175][144]LogSavePackage: Moving '../../../../../../Unreal_Projects/VRFP_Template/Saved/FirstPersonCharacter8D0113114271D5D83EF2A7B254A8C87C.tmp' to '../../../../../../Unreal_Projects/VRFP_Template/Content/FirstPersonBP/Blueprints/FirstPersonCharacter.uasset'
[2017.05.05-09.10.21:177][144]LogSavePackage:Display: Finished SavePackage ../../../../../../Unreal_Projects/VRFP_Template/Content/FirstPersonBP/Blueprints/FirstPersonCharacter.uasset
[2017.05.05-09.10.30:886][492]LogBlueprintUserMessages: Early PlayInEditor Detection: Level '/Game/VirtualRealityBP/Maps/MotionControllerMap.MotionControllerMap:PersistentLevel' has LevelScriptBlueprint '/Game/VirtualRealityBP/Maps/MotionControllerMap.MotionControllerMap:PersistentLevel.MotionControllerMap' with GeneratedClass '/Game/VirtualRealityBP/Maps/MotionControllerMap.MotionControllerMap_C' with ClassGeneratedBy '/Game/VirtualRealityBP/Maps/MotionControllerMap.MotionControllerMap:PersistentLevel.MotionControllerMap'
[2017.05.05-09.10.30:886][492]LogPlayLevel: PlayLevel: No blueprints needed recompiling
[2017.05.05-09.10.30:886][492]PIE: New page: PIE session: MotionControllerMap (May 5, 2017, 1:10:30 PM)
[2017.05.05-09.10.30:886][492]LogPlayLevel: Creating play world package: /Game/VirtualRealityBP/Maps/UEDPIE_0_MotionControllerMap
[2017.05.05-09.10.30:894][492]LogPlayLevel: PIE: StaticDuplicateObject took: (0.008163s)
[2017.05.05-09.10.30:895][492]LogAIModule: Creating AISystem for world MotionControllerMap
[2017.05.05-09.10.30:895][492]LogPlayLevel: PIE: World Init took: (0.000917s)
[2017.05.05-09.10.30:895][492]LogPlayLevel: PIE: Created PIE world by copying editor world from /Game/VirtualRealityBP/Maps/MotionControllerMap.MotionControllerMap to /Game/VirtualRealityBP/Maps/UEDPIE_0_MotionControllerMap.MotionControllerMap (0.009356s)
[2017.05.05-09.10.30:911][492]LogInit: XAudio2 using 'Speakers (Realtek High Definition Audio)' : 2 channels at 48 kHz using 32 bits per sample (channel mask 0x3)
[2017.05.05-09.10.30:920][492]LogInit: FAudioDevice initialized.
[2017.05.05-09.10.30:966][492]LogLoad: Game class is 'GameModeBase'
[2017.05.05-09.10.30:969][492]LogWorld: Bringing World /Game/VirtualRealityBP/Maps/UEDPIE_0_MotionControllerMap.MotionControllerMap up for play (max tick rate 60) at 2017.05.05-11.10.30
[2017.05.05-09.10.30:969][492]LogWorld: Bringing up level for play took: 0.002052
[2017.05.05-09.10.31:015][492]LogContentBrowser: Native class hierarchy updated for 'MovieSceneCapture' in 0.0007 seconds. Added 11 classes and 0 folders.
[2017.05.05-09.10.31:016][492]PIE: Info Play in editor start time for /Game/VirtualRealityBP/Maps/UEDPIE_0_MotionControllerMap 0.383
[2017.05.05-09.10.31:016][492]LogBlueprintUserMessages: Late PlayInEditor Detection: Level '/Game/VirtualRealityBP/Maps/MotionControllerMap.MotionControllerMap:PersistentLevel' has LevelScriptBlueprint '/Game/VirtualRealityBP/Maps/MotionControllerMap.MotionControllerMap:PersistentLevel.MotionControllerMap' with GeneratedClass '/Game/VirtualRealityBP/Maps/MotionControllerMap.MotionControllerMap_C' with ClassGeneratedBy '/Game/VirtualRealityBP/Maps/MotionControllerMap.MotionControllerMap:PersistentLevel.MotionControllerMap'
[2017.05.05-09.10.36:948][845]LogBlueprintUserMessages: Early EndPlayMap Detection: Level '/Game/VirtualRealityBP/Maps/MotionControllerMap.MotionControllerMap:PersistentLevel' has LevelScriptBlueprint '/Game/VirtualRealityBP/Maps/MotionControllerMap.MotionControllerMap:PersistentLevel.MotionControllerMap' with GeneratedClass '/Game/VirtualRealityBP/Maps/MotionControllerMap.MotionControllerMap_C' with ClassGeneratedBy '/Game/VirtualRealityBP/Maps/MotionControllerMap.MotionControllerMap:PersistentLevel.MotionControllerMap'
[2017.05.05-09.10.36:984][845]LogBlueprintUserMessages: Late EndPlayMap Detection: Level '/Game/VirtualRealityBP/Maps/MotionControllerMap.MotionControllerMap:PersistentLevel' has LevelScriptBlueprint '/Game/VirtualRealityBP/Maps/MotionControllerMap.MotionControllerMap:PersistentLevel.MotionControllerMap' with GeneratedClass '/Game/VirtualRealityBP/Maps/MotionControllerMap.MotionControllerMap_C' with ClassGeneratedBy '/Game/VirtualRealityBP/Maps/MotionControllerMap.MotionControllerMap:PersistentLevel.MotionControllerMap'
[2017.05.05-09.11.17:957][241]LogTemp: Repeting last play command: Selected Viewport
[2017.05.05-09.11.17:975][241]LogBlueprintUserMessages: Early PlayInEditor Detection: Level '/Game/VirtualRealityBP/Maps/MotionControllerMap.MotionControllerMap:PersistentLevel' has LevelScriptBlueprint '/Game/VirtualRealityBP/Maps/MotionControllerMap.MotionControllerMap:PersistentLevel.MotionControllerMap' with GeneratedClass '/Game/VirtualRealityBP/Maps/MotionControllerMap.MotionControllerMap_C' with ClassGeneratedBy '/Game/VirtualRealityBP/Maps/MotionControllerMap.MotionControllerMap:PersistentLevel.MotionControllerMap'
[2017.05.05-09.11.17:975][241]LogPlayLevel: PlayLevel: No blueprints needed recompiling
[2017.05.05-09.11.17:975][241]PIE: New page: PIE session: MotionControllerMap (May 5, 2017, 1:11:17 PM)
[2017.05.05-09.11.17:975][241]LogPlayLevel: Creating play world package: /Game/VirtualRealityBP/Maps/UEDPIE_0_MotionControllerMap
[2017.05.05-09.11.17:983][241]LogPlayLevel: PIE: StaticDuplicateObject took: (0.007365s)
[2017.05.05-09.11.17:983][241]LogAIModule: Creating AISystem for world MotionControllerMap
[2017.05.05-09.11.17:983][241]LogPlayLevel: PIE: World Init took: (0.000527s)
[2017.05.05-09.11.17:984][241]LogPlayLevel: PIE: Created PIE world by copying editor world from /Game/VirtualRealityBP/Maps/MotionControllerMap.MotionControllerMap to /Game/VirtualRealityBP/Maps/UEDPIE_0_MotionControllerMap.MotionControllerMap (0.008220s)
[2017.05.05-09.11.17:999][241]LogInit: XAudio2 using 'Speakers (Realtek High Definition Audio)' : 2 channels at 48 kHz using 32 bits per sample (channel mask 0x3)
[2017.05.05-09.11.18:008][241]LogInit: FAudioDevice initialized.
[2017.05.05-09.11.18:038][241]LogLoad: Game class is 'GameModeBase'
[2017.05.05-09.11.18:042][241]LogWorld: Bringing World /Game/VirtualRealityBP/Maps/UEDPIE_0_MotionControllerMap.MotionControllerMap up for play (max tick rate 60) at 2017.05.05-11.11.18
[2017.05.05-09.11.18:043][241]LogWorld: Bringing up level for play took: 0.002309
[2017.05.05-09.11.18:044][241]PIE: Info Play in editor start time for /Game/VirtualRealityBP/Maps/UEDPIE_0_MotionControllerMap -0.59
[2017.05.05-09.11.18:044][241]LogBlueprintUserMessages: Late PlayInEditor Detection: Level '/Game/VirtualRealityBP/Maps/MotionControllerMap.MotionControllerMap:PersistentLevel' has LevelScriptBlueprint '/Game/VirtualRealityBP/Maps/MotionControllerMap.MotionControllerMap:PersistentLevel.MotionControllerMap' with GeneratedClass '/Game/VirtualRealityBP/Maps/MotionControllerMap.MotionControllerMap_C' with ClassGeneratedBy '/Game/VirtualRealityBP/Maps/MotionControllerMap.MotionControllerMap:PersistentLevel.MotionControllerMap'
[2017.05.05-09.11.28:371][859]LogWindowsTextInputMethodSystem:Display: IME system now deactivated.
[2017.05.05-09.11.28:371][859]LogWindowsTextInputMethodSystem:Display: IME system now deactivated.
[2017.05.05-09.11.31:938][ 73]LogBlueprintUserMessages: Early EndPlayMap Detection: Level '/Game/VirtualRealityBP/Maps/MotionControllerMap.MotionControllerMap:PersistentLevel' has LevelScriptBlueprint '/Game/VirtualRealityBP/Maps/MotionControllerMap.MotionControllerMap:PersistentLevel.MotionControllerMap' with GeneratedClass '/Game/VirtualRealityBP/Maps/MotionControllerMap.MotionControllerMap_C' with ClassGeneratedBy '/Game/VirtualRealityBP/Maps/MotionControllerMap.MotionControllerMap:PersistentLevel.MotionControllerMap'
[2017.05.05-09.11.31:974][ 73]LogBlueprintUserMessages: Late EndPlayMap Detection: Level '/Game/VirtualRealityBP/Maps/MotionControllerMap.MotionControllerMap:PersistentLevel' has LevelScriptBlueprint '/Game/VirtualRealityBP/Maps/MotionControllerMap.MotionControllerMap:PersistentLevel.MotionControllerMap' with GeneratedClass '/Game/VirtualRealityBP/Maps/MotionControllerMap.MotionControllerMap_C' with ClassGeneratedBy '/Game/VirtualRealityBP/Maps/MotionControllerMap.MotionControllerMap:PersistentLevel.MotionControllerMap'
[2017.05.05-09.11.39:690][535]LogWindowsTextInputMethodSystem:Display: IME system now deactivated.
[2017.05.05-09.11.39:690][535]LogWindowsTextInputMethodSystem:Display: IME system now deactivated.
[2017.05.05-09.11.41:718][652]Cmd: SELECT NONE
[2017.05.05-09.11.50:758][131]LogSlate: Only BGRA pngs, bmps or icos are supported in by External Image Picker
[2017.05.05-09.11.50:821][132]LogTemp:Display: Executing iPhonePackager certificates Engine -bundlename com.YourCompany.VRFPTemplate

[2017.05.05-09.11.50:821][132]LogTemp:Display: CWD: C:\Program Files\Epic Games\UE_4.15\Engine\Binaries\DotNET\IOS

[2017.05.05-09.11.50:821][132]LogTemp:Display: Initial Dir: C:\Program Files\Epic Games\UE_4.15

[2017.05.05-09.11.50:821][132]LogTemp:Display: Env CWD: C:\Program Files\Epic Games\UE_4.15\Engine\Binaries\DotNET\IOS

[2017.05.05-09.11.50:821][132]LogTemp:Display: BranchPath = MROG2/C/Program Files/Epic Games/UE_4.15/Engine/Binaries --- GameBranchPath = MROG2/C/Program Files/Epic Games/UE_4.15/Engine/Binaries

[2017.05.05-09.11.50:821][132]LogTemp:Display: IPP ERROR: Application exception: System.IO.DirectoryNotFoundException: Could not find a part of the path 'C:\Users\Mathieu_VENOT\AppData\Local\Apple Computer\MobileDevice\Provisioning Profiles'.

[2017.05.05-09.11.50:821][132]LogTemp:Display:    at System.IO.__Error.WinIOError(Int32 errorCode, String maybeFullPath)

[2017.05.05-09.11.50:821][132]LogTemp:Display:    at System.IO.FileSystemEnumerableIterator`1.CommonInit()

[2017.05.05-09.11.50:821][132]LogTemp:Display:    at System.IO.Directory.EnumerateFiles(String path, String searchPattern)

[2017.05.05-09.11.50:821][132]LogTemp:Display:    at iPhonePackager.CodeSignatureBuilder.FindProvisions(String CFBundleIdentifier)

[2017.05.05-09.11.50:821][132]LogTemp:Display:    at iPhonePackager.Program.Main(String[] args)

[2017.05.05-09.12.18:248][769]LogTemp: Repeting last play command: Selected Viewport
[2017.05.05-09.12.18:262][769]LogBlueprintUserMessages: Early PlayInEditor Detection: Level '/Game/VirtualRealityBP/Maps/MotionControllerMap.MotionControllerMap:PersistentLevel' has LevelScriptBlueprint '/Game/VirtualRealityBP/Maps/MotionControllerMap.MotionControllerMap:PersistentLevel.MotionControllerMap' with GeneratedClass '/Game/VirtualRealityBP/Maps/MotionControllerMap.MotionControllerMap_C' with ClassGeneratedBy '/Game/VirtualRealityBP/Maps/MotionControllerMap.MotionControllerMap:PersistentLevel.MotionControllerMap'
[2017.05.05-09.12.18:262][769]LogPlayLevel: PlayLevel: No blueprints needed recompiling
[2017.05.05-09.12.18:262][769]PIE: New page: PIE session: MotionControllerMap (May 5, 2017, 1:12:18 PM)
[2017.05.05-09.12.18:263][769]LogPlayLevel: Creating play world package: /Game/VirtualRealityBP/Maps/UEDPIE_0_MotionControllerMap
[2017.05.05-09.12.18:270][769]LogPlayLevel: PIE: StaticDuplicateObject took: (0.007450s)
[2017.05.05-09.12.18:270][769]LogAIModule: Creating AISystem for world MotionControllerMap
[2017.05.05-09.12.18:271][769]LogPlayLevel: PIE: World Init took: (0.000599s)
[2017.05.05-09.12.18:271][769]LogPlayLevel: PIE: Created PIE world by copying editor world from /Game/VirtualRealityBP/Maps/MotionControllerMap.MotionControllerMap to /Game/VirtualRealityBP/Maps/UEDPIE_0_MotionControllerMap.MotionControllerMap (0.008230s)
[2017.05.05-09.12.18:287][769]LogInit: XAudio2 using 'Speakers (Realtek High Definition Audio)' : 2 channels at 48 kHz using 32 bits per sample (channel mask 0x3)
[2017.05.05-09.12.18:297][769]LogInit: FAudioDevice initialized.
[2017.05.05-09.12.18:333][769]LogLoad: Game class is 'GameModeBase'
[2017.05.05-09.12.18:336][769]LogWorld: Bringing World /Game/VirtualRealityBP/Maps/UEDPIE_0_MotionControllerMap.MotionControllerMap up for play (max tick rate 60) at 2017.05.05-11.12.18
[2017.05.05-09.12.18:336][769]LogWorld: Bringing up level for play took: 0.002161
[2017.05.05-09.12.18:337][769]PIE: Info Play in editor start time for /Game/VirtualRealityBP/Maps/UEDPIE_0_MotionControllerMap -0.296
[2017.05.05-09.12.18:338][769]LogBlueprintUserMessages: Late PlayInEditor Detection: Level '/Game/VirtualRealityBP/Maps/MotionControllerMap.MotionControllerMap:PersistentLevel' has LevelScriptBlueprint '/Game/VirtualRealityBP/Maps/MotionControllerMap.MotionControllerMap:PersistentLevel.MotionControllerMap' with GeneratedClass '/Game/VirtualRealityBP/Maps/MotionControllerMap.MotionControllerMap_C' with ClassGeneratedBy '/Game/VirtualRealityBP/Maps/MotionControllerMap.MotionControllerMap:PersistentLevel.MotionControllerMap'
[2017.05.05-09.12.26:384][250]LogBlueprintUserMessages: Early EndPlayMap Detection: Level '/Game/VirtualRealityBP/Maps/MotionControllerMap.MotionControllerMap:PersistentLevel' has LevelScriptBlueprint '/Game/VirtualRealityBP/Maps/MotionControllerMap.MotionControllerMap:PersistentLevel.MotionControllerMap' with GeneratedClass '/Game/VirtualRealityBP/Maps/MotionControllerMap.MotionControllerMap_C' with ClassGeneratedBy '/Game/VirtualRealityBP/Maps/MotionControllerMap.MotionControllerMap:PersistentLevel.MotionControllerMap'
[2017.05.05-09.12.26:416][250]LogBlueprintUserMessages: Late EndPlayMap Detection: Level '/Game/VirtualRealityBP/Maps/MotionControllerMap.MotionControllerMap:PersistentLevel' has LevelScriptBlueprint '/Game/VirtualRealityBP/Maps/MotionControllerMap.MotionControllerMap:PersistentLevel.MotionControllerMap' with GeneratedClass '/Game/VirtualRealityBP/Maps/MotionControllerMap.MotionControllerMap_C' with ClassGeneratedBy '/Game/VirtualRealityBP/Maps/MotionControllerMap.MotionControllerMap:PersistentLevel.MotionControllerMap'
[2017.05.05-09.12.49:642][605]BlueprintLog: New page: Compile FirstPersonCharacter
[2017.05.05-09.12.50:512][634]LogSavePackage: Save=42.73ms
[2017.05.05-09.12.50:512][634]LogSavePackage: Moving '../../../../../../Unreal_Projects/VRFP_Template/Saved/FirstPersonCharacter7415A9874D4B4ABDD5D4A497F5326834.tmp' to '../../../../../../Unreal_Projects/VRFP_Template/Content/FirstPersonBP/Blueprints/FirstPersonCharacter.uasset'
[2017.05.05-09.12.50:515][634]LogSavePackage:Display: Finished SavePackage ../../../../../../Unreal_Projects/VRFP_Template/Content/FirstPersonBP/Blueprints/FirstPersonCharacter.uasset
[2017.05.05-09.12.53:315][798]LogTemp: Repeting last play command: Selected Viewport
[2017.05.05-09.12.53:328][798]LogBlueprintUserMessages: Early PlayInEditor Detection: Level '/Game/VirtualRealityBP/Maps/MotionControllerMap.MotionControllerMap:PersistentLevel' has LevelScriptBlueprint '/Game/VirtualRealityBP/Maps/MotionControllerMap.MotionControllerMap:PersistentLevel.MotionControllerMap' with GeneratedClass '/Game/VirtualRealityBP/Maps/MotionControllerMap.MotionControllerMap_C' with ClassGeneratedBy '/Game/VirtualRealityBP/Maps/MotionControllerMap.MotionControllerMap:PersistentLevel.MotionControllerMap'
[2017.05.05-09.12.53:328][798]LogPlayLevel: PlayLevel: No blueprints needed recompiling
[2017.05.05-09.12.53:328][798]PIE: New page: PIE session: MotionControllerMap (May 5, 2017, 1:12:53 PM)
[2017.05.05-09.12.53:328][798]LogPlayLevel: Creating play world package: /Game/VirtualRealityBP/Maps/UEDPIE_0_MotionControllerMap
[2017.05.05-09.12.53:336][798]LogPlayLevel: PIE: StaticDuplicateObject took: (0.007840s)
[2017.05.05-09.12.53:336][798]LogAIModule: Creating AISystem for world MotionControllerMap
[2017.05.05-09.12.53:336][798]LogPlayLevel: PIE: World Init took: (0.000596s)
[2017.05.05-09.12.53:337][798]LogPlayLevel: PIE: Created PIE world by copying editor world from /Game/VirtualRealityBP/Maps/MotionControllerMap.MotionControllerMap to /Game/VirtualRealityBP/Maps/UEDPIE_0_MotionControllerMap.MotionControllerMap (0.008680s)
[2017.05.05-09.12.53:353][798]LogInit: XAudio2 using 'Speakers (Realtek High Definition Audio)' : 2 channels at 48 kHz using 32 bits per sample (channel mask 0x3)
[2017.05.05-09.12.53:362][798]LogInit: FAudioDevice initialized.
[2017.05.05-09.12.53:396][798]LogLoad: Game class is 'GameModeBase'
[2017.05.05-09.12.53:400][798]LogWorld: Bringing World /Game/VirtualRealityBP/Maps/UEDPIE_0_MotionControllerMap.MotionControllerMap up for play (max tick rate 60) at 2017.05.05-11.12.53
[2017.05.05-09.12.53:400][798]LogWorld: Bringing up level for play took: 0.002032
[2017.05.05-09.12.53:401][798]PIE: Info Play in editor start time for /Game/VirtualRealityBP/Maps/UEDPIE_0_MotionControllerMap 0.768
[2017.05.05-09.12.53:401][798]LogBlueprintUserMessages: Late PlayInEditor Detection: Level '/Game/VirtualRealityBP/Maps/MotionControllerMap.MotionControllerMap:PersistentLevel' has LevelScriptBlueprint '/Game/VirtualRealityBP/Maps/MotionControllerMap.MotionControllerMap:PersistentLevel.MotionControllerMap' with GeneratedClass '/Game/VirtualRealityBP/Maps/MotionControllerMap.MotionControllerMap_C' with ClassGeneratedBy '/Game/VirtualRealityBP/Maps/MotionControllerMap.MotionControllerMap:PersistentLevel.MotionControllerMap'
[2017.05.05-09.13.04:930][488]LogBlueprintUserMessages: Early EndPlayMap Detection: Level '/Game/VirtualRealityBP/Maps/MotionControllerMap.MotionControllerMap:PersistentLevel' has LevelScriptBlueprint '/Game/VirtualRealityBP/Maps/MotionControllerMap.MotionControllerMap:PersistentLevel.MotionControllerMap' with GeneratedClass '/Game/VirtualRealityBP/Maps/MotionControllerMap.MotionControllerMap_C' with ClassGeneratedBy '/Game/VirtualRealityBP/Maps/MotionControllerMap.MotionControllerMap:PersistentLevel.MotionControllerMap'
[2017.05.05-09.13.04:965][488]LogBlueprintUserMessages: Late EndPlayMap Detection: Level '/Game/VirtualRealityBP/Maps/MotionControllerMap.MotionControllerMap:PersistentLevel' has LevelScriptBlueprint '/Game/VirtualRealityBP/Maps/MotionControllerMap.MotionControllerMap:PersistentLevel.MotionControllerMap' with GeneratedClass '/Game/VirtualRealityBP/Maps/MotionControllerMap.MotionControllerMap_C' with ClassGeneratedBy '/Game/VirtualRealityBP/Maps/MotionControllerMap.MotionControllerMap:PersistentLevel.MotionControllerMap'
[2017.05.05-09.13.07:859][648]LogSavePackage: Save=165.53ms
[2017.05.05-09.13.07:859][648]LogSavePackage: Moving '../../../../../../Unreal_Projects/VRFP_Template/Saved/MotionControllerMap1F52AE2E4EE2D84A071BAFA0EA370D8A.tmp' to '../../../../../../Unreal_Projects/VRFP_Template/Content/VirtualRealityBP/Maps/MotionControllerMap.umap'
[2017.05.05-09.13.07:861][648]LogSavePackage:Display: Finished SavePackage ../../../../../../Unreal_Projects/VRFP_Template/Content/VirtualRealityBP/Maps/MotionControllerMap.umap
[2017.05.05-09.13.08:138][648]LogSavePackage: Save=237.78ms
[2017.05.05-09.13.08:138][648]LogSavePackage: Moving '../../../../../../Unreal_Projects/VRFP_Template/Saved/MotionControllerMap_BuiltData32B0AE77457B797B053801A5FA232656.tmp' to '../../../../../../Unreal_Projects/VRFP_Template/Content/VirtualRealityBP/Maps/MotionControllerMap_BuiltData.uasset'
[2017.05.05-09.13.08:139][648]LogSavePackage:Display: Finished SavePackage ../../../../../../Unreal_Projects/VRFP_Template/Content/VirtualRealityBP/Maps/MotionControllerMap_BuiltData.uasset
[2017.05.05-09.13.11:703][857]LogWindowsTextInputMethodSystem:Display: IME system now deactivated.
[2017.05.05-09.13.11:904][858]Cmd: QUIT_EDITOR
[2017.05.05-09.13.12:509][858]LogExit: Preparing to exit.
[2017.05.05-09.13.13:368][858]LogDirectoryWatcher: A directory notification for 'C:/Unreal_Projects/VRFP_Template/Content/' was aborted.
[2017.05.05-09.13.13:403][858]LogExit: Editor shut down
[2017.05.05-09.13.13:403][858]LogExit: Transaction tracking system shut down
[2017.05.05-09.13.13:491][858]LogObj: Freed 0b from 0 cluster array pools.
[2017.05.05-09.13.13:492][858]LogExit: Object subsystem successfully closed.
[2017.05.05-09.13.13:508][858]LogD3D11RHI: Shutdown
[2017.05.05-09.13.13:508][858]LogD3D11RHI: CleanupD3DDevice
[2017.05.05-09.13.13:579][858]LogD3D11RHI: ~FD3D11DynamicRHI
[2017.05.05-09.13.13:593][858]LogModuleManager: Shutting down and abandoning module MovieSceneCapture (506)
[2017.05.05-09.13.13:593][858]LogModuleManager: Shutting down and abandoning module BlueprintGraph (504)
[2017.05.05-09.13.13:593][858]LogModuleManager: Shutting down and abandoning module BlueprintProfiler (502)
[2017.05.05-09.13.13:593][858]LogModuleManager: Shutting down and abandoning module ExternalImagePicker (500)
[2017.05.05-09.13.13:593][858]LogModuleManager: Shutting down and abandoning module HierarchicalLODOutliner (498)
[2017.05.05-09.13.13:593][858]LogModuleManager: Shutting down and abandoning module CrashTracker (496)
[2017.05.05-09.13.13:593][858]LogModuleManager: Shutting down and abandoning module SceneOutliner (494)
[2017.05.05-09.13.13:593][858]LogModuleManager: Shutting down and abandoning module AddContentDialog (492)
[2017.05.05-09.13.13:593][858]LogDirectoryWatcher: A directory notification for 'C:/Program Files/Epic Games/UE_4.15/FeaturePacks/' was aborted.
[2017.05.05-09.13.13:594][858]LogModuleManager: Shutting down and abandoning module WidgetCarousel (491)
[2017.05.05-09.13.13:594][858]LogModuleManager: Shutting down and abandoning module EditorWidgets (488)
[2017.05.05-09.13.13:594][858]LogModuleManager: Shutting down and abandoning module CollectionManager (486)
[2017.05.05-09.13.13:594][858]LogDirectoryWatcher: A directory notification for 'C:/Unreal_Projects/VRFP_Template/Content/Collections/' was aborted.
[2017.05.05-09.13.13:594][858]LogDirectoryWatcher: A directory notification for 'C:/Unreal_Projects/VRFP_Template/Content/Developers/MathieuVENOT/Collections/' was aborted.
[2017.05.05-09.13.13:594][858]LogDirectoryWatcher: A directory notification for 'C:/Unreal_Projects/VRFP_Template/Saved/Collections/' was aborted.
[2017.05.05-09.13.13:594][858]LogModuleManager: Shutting down and abandoning module StatsViewer (484)
[2017.05.05-09.13.13:594][858]LogModuleManager: Shutting down and abandoning module FoliageEdit (482)
[2017.05.05-09.13.13:594][858]LogModuleManager: Shutting down and abandoning module LandscapeEditor (480)
[2017.05.05-09.13.13:594][858]LogModuleManager: Shutting down and abandoning module SceneDepthPickerMode (478)
[2017.05.05-09.13.13:594][858]LogModuleManager: Shutting down and abandoning module ActorPickerMode (476)
[2017.05.05-09.13.13:594][858]LogModuleManager: Shutting down and abandoning module GeometryMode (474)
[2017.05.05-09.13.13:594][858]LogModuleManager: Shutting down and abandoning module TextureAlignMode (472)
[2017.05.05-09.13.13:594][858]LogModuleManager: Shutting down and abandoning module BspMode (470)
[2017.05.05-09.13.13:594][858]LogModuleManager: Shutting down and abandoning module HardwareSurvey (468)
[2017.05.05-09.13.13:594][858]LogModuleManager: Shutting down and abandoning module SequenceRecorderSections (466)
[2017.05.05-09.13.13:594][858]LogModuleManager: Shutting down and abandoning module AutomationWorker (464)
[2017.05.05-09.13.13:594][858]LogModuleManager: Shutting down and abandoning module MatineeToLevelSequence (462)
[2017.05.05-09.13.13:594][858]LogModuleManager: Shutting down and abandoning module LevelSequenceEditor (460)
[2017.05.05-09.13.13:594][858]LogModuleManager: Shutting down and abandoning module PlacementMode (459)
[2017.05.05-09.13.13:594][858]LogModuleManager: Shutting down and abandoning module WmfMediaFactory (456)
[2017.05.05-09.13.13:594][858]LogModuleManager: Shutting down and abandoning module WmfMediaEditor (454)
[2017.05.05-09.13.13:594][858]LogModuleManager: Shutting down and abandoning module MfMediaFactory (452)
[2017.05.05-09.13.13:594][858]LogModuleManager: Shutting down and abandoning module MfMediaEditor (450)
[2017.05.05-09.13.13:594][858]LogModuleManager: Shutting down and abandoning module AvfMediaFactory (448)
[2017.05.05-09.13.13:594][858]LogModuleManager: Shutting down and abandoning module AvfMediaEditor (446)
[2017.05.05-09.13.13:594][858]LogModuleManager: Shutting down and abandoning module AndroidMediaFactory (444)
[2017.05.05-09.13.13:594][858]LogModuleManager: Shutting down and abandoning module Media (443)
[2017.05.05-09.13.13:594][858]LogModuleManager: Shutting down and abandoning module AndroidMediaEditor (440)
[2017.05.05-09.13.13:594][858]LogModuleManager: Shutting down and abandoning module CharacterAI (438)
[2017.05.05-09.13.13:594][858]LogModuleManager: Shutting down and abandoning module AudioCapture (436)
[2017.05.05-09.13.13:594][858]LogModuleManager: Shutting down and abandoning module SequenceRecorder (435)
[2017.05.05-09.13.13:594][858]LogModuleManager: Shutting down and abandoning module SmartSnapping (432)
[2017.05.05-09.13.13:594][858]LogModuleManager: Shutting down and abandoning module SessionServices (430)
[2017.05.05-09.13.13:594][858]LogModuleManager: Shutting down and abandoning module ViewportSnapping (428)
[2017.05.05-09.13.13:594][858]LogModuleManager: Shutting down and abandoning module ViewportInteraction (426)
[2017.05.05-09.13.13:594][858]LogModuleManager: Shutting down and abandoning module LogVisualizer (424)
[2017.05.05-09.13.13:594][858]LogModuleManager: Shutting down and abandoning module IntroTutorials (422)
[2017.05.05-09.13.13:594][858]LogModuleManager: Shutting down and abandoning module GameProjectGeneration (421)
[2017.05.05-09.13.13:594][858]LogModuleManager: Shutting down and abandoning module EditorLiveStreaming (418)
[2017.05.05-09.13.13:594][858]LogModuleManager: Shutting down and abandoning module IOSPlatformEditor (416)
[2017.05.05-09.13.13:595][858]LogModuleManager: Shutting down and abandoning module HTML5PlatformEditor (414)
[2017.05.05-09.13.13:595][858]LogModuleManager: Shutting down and abandoning module AndroidPlatformEditor (412)
[2017.05.05-09.13.13:595][858]LogModuleManager: Shutting down and abandoning module AndroidDeviceDetection (411)
[2017.05.05-09.13.13:979][858]LogModuleManager: Shutting down and abandoning module IOSRuntimeSettings (408)
[2017.05.05-09.13.13:979][858]LogModuleManager: Shutting down and abandoning module AndroidRuntimeSettings (406)
[2017.05.05-09.13.13:979][858]LogModuleManager: Shutting down and abandoning module InputBindingEditor (404)
[2017.05.05-09.13.13:979][858]LogModuleManager: Shutting down and abandoning module NiagaraEditor (402)
[2017.05.05-09.13.13:979][858]LogModuleManager: Shutting down and abandoning module MergeActors (400)
[2017.05.05-09.13.13:979][858]LogModuleManager: Shutting down and abandoning module SizeMap (398)
[2017.05.05-09.13.13:979][858]LogModuleManager: Shutting down and abandoning module TreeMap (396)
[2017.05.05-09.13.13:979][858]LogModuleManager: Shutting down and abandoning module ReferenceViewer (394)
[2017.05.05-09.13.13:979][858]LogModuleManager: Shutting down and abandoning module LocalizationDashboard (392)
[2017.05.05-09.13.13:979][858]LogModuleManager: Shutting down and abandoning module LocalizationService (391)
[2017.05.05-09.13.13:979][858]LogModuleManager: Shutting down and abandoning module HardwareTargeting (388)
[2017.05.05-09.13.13:979][858]LogModuleManager: Shutting down and abandoning module DeviceProfileEditor (386)
[2017.05.05-09.13.13:979][858]LogModuleManager: Shutting down and abandoning module UndoHistory (384)
[2017.05.05-09.13.13:980][858]LogModuleManager: Shutting down and abandoning module UserFeedback (382)
[2017.05.05-09.13.13:980][858]LogModuleManager: Shutting down and abandoning module XmlParser (380)
[2017.05.05-09.13.13:980][858]LogModuleManager: Shutting down and abandoning module Blutility (378)
[2017.05.05-09.13.13:980][858]LogModuleManager: Shutting down and abandoning module ProjectSettingsViewer (376)
[2017.05.05-09.13.13:980][858]LogModuleManager: Shutting down and abandoning module ProjectTargetPlatformEditor (375)
[2017.05.05-09.13.13:980][858]LogModuleManager: Shutting down and abandoning module EditorSettingsViewer (372)
[2017.05.05-09.13.13:980][858]LogModuleManager: Shutting down and abandoning module SettingsEditor (370)
[2017.05.05-09.13.13:980][858]LogModuleManager: Shutting down and abandoning module ProjectLauncher (368)
[2017.05.05-09.13.13:980][858]LogModuleManager: Shutting down and abandoning module SessionFrontend (366)
[2017.05.05-09.13.13:980][858]LogModuleManager: Shutting down and abandoning module ProfilerClient (364)
[2017.05.05-09.13.13:980][858]LogModuleManager: Shutting down and abandoning module DeviceManager (362)
[2017.05.05-09.13.13:980][858]LogModuleManager: Shutting down and abandoning module TargetDeviceServices (361)
[2017.05.05-09.13.14:032][858]LogModuleManager: Shutting down and abandoning module AutomationController (358)
[2017.05.05-09.13.14:032][858]LogModuleManager: Shutting down and abandoning module AutomationWindow (356)
[2017.05.05-09.13.14:032][858]LogModuleManager: Shutting down and abandoning module Layers (354)
[2017.05.05-09.13.14:032][858]LogModuleManager: Shutting down and abandoning module ComponentVisualizers (352)
[2017.05.05-09.13.14:032][858]LogModuleManager: Shutting down and abandoning module DetailCustomizations (350)
[2017.05.05-09.13.14:032][858]LogModuleManager: Shutting down and abandoning module PackagesDialog (348)
[2017.05.05-09.13.14:033][858]LogModuleManager: Shutting down and abandoning module Persona (346)
[2017.05.05-09.13.14:033][858]LogModuleManager: Shutting down and abandoning module AnimGraph (345)
[2017.05.05-09.13.14:033][858]LogModuleManager: Shutting down and abandoning module Kismet (342)
[2017.05.05-09.13.14:038][858]LogModuleManager: Shutting down and abandoning module GraphEditor (340)
[2017.05.05-09.13.14:038][858]LogModuleManager: Shutting down and abandoning module ClassViewer (338)
[2017.05.05-09.13.14:038][858]LogModuleManager: Shutting down and abandoning module Toolbox (336)
[2017.05.05-09.13.14:038][858]LogModuleManager: Shutting down and abandoning module ModuleUI (334)
[2017.05.05-09.13.14:038][858]LogModuleManager: Shutting down and abandoning module MovieSceneTools (332)
[2017.05.05-09.13.14:038][858]LogModuleManager: Shutting down and abandoning module OutputLog (330)
[2017.05.05-09.13.14:038][858]LogModuleManager: Shutting down and abandoning module GammaUI (328)
[2017.05.05-09.13.14:038][858]LogModuleManager: Shutting down and abandoning module Documentation (326)
[2017.05.05-09.13.14:039][858]LogModuleManager: Shutting down and abandoning module Niagara (324)
[2017.05.05-09.13.14:039][858]LogModuleManager: Shutting down and abandoning module StreamingPauseRendering (322)
[2017.05.05-09.13.14:039][858]LogModuleManager: Shutting down and abandoning module AnalyticsET (320)
[2017.05.05-09.13.14:039][858]LogModuleManager: Shutting down and abandoning module PortalServices (318)
[2017.05.05-09.13.14:039][858]LogModuleManager: Shutting down and abandoning module PortalRpc (316)
[2017.05.05-09.13.14:039][858]LogModuleManager: Shutting down and abandoning module MessagingRpc (314)
[2017.05.05-09.13.14:039][858]LogModuleManager: Shutting down and abandoning module AIModule (312)
[2017.05.05-09.13.14:039][858]LogModuleManager: Shutting down and abandoning module GameplayDebugger (311)
[2017.05.05-09.13.14:039][858]LogModuleManager: Shutting down and abandoning module AITestSuite (309)
[2017.05.05-09.13.14:039][858]LogModuleManager: Shutting down and abandoning module ProfilerService (306)
[2017.05.05-09.13.14:146][858]LogModuleManager: Shutting down and abandoning module TaskGraph (304)
[2017.05.05-09.13.14:146][858]LogModuleManager: Shutting down and abandoning module SteamVRController (302)
[2017.05.05-09.13.14:146][858]LogModuleManager: Shutting down and abandoning module SteamVR (300)
[2017.05.05-09.13.14:146][858]LogModuleManager: Shutting down and abandoning module ProceduralMeshComponentEditor (298)
[2017.05.05-09.13.14:146][858]LogModuleManager: Shutting down and abandoning module ProceduralMeshComponent (296)
[2017.05.05-09.13.14:146][858]LogModuleManager: Shutting down and abandoning module OculusLibrary (294)
[2017.05.05-09.13.14:146][858]LogModuleManager: Shutting down and abandoning module OculusInput (292)
[2017.05.05-09.13.14:146][858]LogModuleManager: Shutting down and abandoning module MobilePatchingUtils (290)
[2017.05.05-09.13.14:146][858]LogModuleManager: Shutting down and abandoning module CustomMeshComponent (288)
[2017.05.05-09.13.14:146][858]LogModuleManager: Shutting down and abandoning module CableComponent (286)
[2017.05.05-09.13.14:146][858]LogModuleManager: Shutting down and abandoning module ArchVisCharacter (284)
[2017.05.05-09.13.14:146][858]LogModuleManager: Shutting down and abandoning module MediaPlayerEditor (280)
[2017.05.05-09.13.14:147][858]LogModuleManager: Shutting down and abandoning module HTML5Networking (278)
[2017.05.05-09.13.14:147][858]LogModuleManager: Shutting down and abandoning module AlembicImporter (276)
[2017.05.05-09.13.14:147][858]LogModuleManager: Shutting down and abandoning module AlembicLibrary (275)
[2017.05.05-09.13.14:147][858]LogModuleManager: Shutting down and abandoning module GeometryCache (274)
[2017.05.05-09.13.14:147][858]LogModuleManager: Shutting down and abandoning module GeometryCacheEd (273)
[2017.05.05-09.13.14:147][858]LogModuleManager: Shutting down and abandoning module SuperSearchEditor (268)
[2017.05.05-09.13.14:147][858]LogModuleManager: Shutting down and abandoning module SuperSearch (267)
[2017.05.05-09.13.14:147][858]LogModuleManager: Shutting down and abandoning module SpeedTreeImporter (264)
[2017.05.05-09.13.14:147][858]LogModuleManager: Shutting down and abandoning module PluginBrowser (262)
[2017.05.05-09.13.14:147][858]LogModuleManager: Shutting down and abandoning module MobileLauncherProfileWizard (260)
[2017.05.05-09.13.14:147][858]LogModuleManager: Shutting down and abandoning module EpicSurvey (258)
[2017.05.05-09.13.14:147][858]LogModuleManager: Shutting down and abandoning module VisualStudioSourceCodeAccess (256)
[2017.05.05-09.13.14:147][858]LogModuleManager: Shutting down and abandoning module DesktopPlatform (255)
[2017.05.05-09.13.14:147][858]LogModuleManager: Shutting down and abandoning module UObjectPlugin (252)
[2017.05.05-09.13.14:147][858]LogModuleManager: Shutting down and abandoning module SubversionSourceControl (250)
[2017.05.05-09.13.14:147][858]LogModuleManager: Shutting down and abandoning module PerforceSourceControl (248)
[2017.05.05-09.13.14:147][858]LogModuleManager: Shutting down and abandoning module GitSourceControl (246)
[2017.05.05-09.13.14:147][858]LogModuleManager: Shutting down and abandoning module SourceControl (245)
[2017.05.05-09.13.14:147][858]LogModuleManager: Shutting down and abandoning module LightPropagationVolumeEditor (242)
[2017.05.05-09.13.14:147][858]LogModuleManager: Shutting down and abandoning module PaperTiledImporter (240)
[2017.05.05-09.13.14:147][858]LogModuleManager: Shutting down and abandoning module PaperSpriteSheetImporter (238)
[2017.05.05-09.13.14:147][858]LogModuleManager: Shutting down and abandoning module Paper2DEditor (236)
[2017.05.05-09.13.14:147][858]LogModuleManager: Shutting down and abandoning module MeshPaint (235)
[2017.05.05-09.13.14:147][858]LogModuleManager: Shutting down and abandoning module LevelEditor (233)
[2017.05.05-09.13.14:148][858]LogModuleManager: Shutting down and abandoning module PixelInspectorModule (232)
[2017.05.05-09.13.14:148][858]LogModuleManager: Shutting down and abandoning module MainFrame (230)
[2017.05.05-09.13.14:148][858]LogModuleManager: Shutting down and abandoning module HotReload (229)
[2017.05.05-09.13.14:149][858]LogModuleManager: Shutting down and abandoning module ContentBrowser (225)
[2017.05.05-09.13.14:150][858]LogModuleManager: Shutting down and abandoning module PhysXVehiclesEditor (222)
[2017.05.05-09.13.14:150][858]LogModuleManager: Shutting down and abandoning module PhysXVehicles (220)
[2017.05.05-09.13.14:150][858]LogModuleManager: Shutting down and abandoning module LocationServicesBPLibrary (218)
[2017.05.05-09.13.14:150][858]LogModuleManager: Shutting down and abandoning module UdpMessaging (216)
[2017.05.05-09.13.14:250][858]LogModuleManager: Shutting down and abandoning module TcpMessaging (214)
[2017.05.05-09.13.14:350][858]LogModuleManager: Shutting down and abandoning module GameplayTagsEditor (212)
[2017.05.05-09.13.14:350][858]LogModuleManager: Shutting down and abandoning module FacialAnimationEditor (210)
[2017.05.05-09.13.14:350][858]LogModuleManager: Shutting down and abandoning module FacialAnimation (208)
[2017.05.05-09.13.14:350][858]LogModuleManager: Shutting down and abandoning module LightPropagationVolumeRuntime (206)
[2017.05.05-09.13.14:350][858]LogModuleManager: Shutting down and abandoning module Paper2D (204)
[2017.05.05-09.13.14:350][858]LogModuleManager: Shutting down and abandoning module WindowsMoviePlayer (202)
[2017.05.05-09.13.14:350][858]LogModuleManager: Shutting down and abandoning module WmfMedia (200)
[2017.05.05-09.13.14:351][858]LogModuleManager: Shutting down and abandoning module MfMedia (198)
[2017.05.05-09.13.14:351][858]LogModuleManager: Shutting down and abandoning module MediaAssets (196)
[2017.05.05-09.13.14:351][858]LogModuleManager: Shutting down and abandoning module GameLiveStreaming (194)
[2017.05.05-09.13.14:351][858]LogModuleManager: Shutting down and abandoning module VREditor (192)
[2017.05.05-09.13.14:351][858]LogModuleManager: Shutting down and abandoning module GameplayTasksEditor (190)
[2017.05.05-09.13.14:351][858]LogModuleManager: Shutting down and abandoning module BehaviorTreeEditor (188)
[2017.05.05-09.13.14:351][858]LogModuleManager: Shutting down and abandoning module FunctionalTesting (186)
[2017.05.05-09.13.14:351][858]LogModuleManager: Shutting down and abandoning module CollisionAnalyzer (184)
[2017.05.05-09.13.14:351][858]LogModuleManager: Shutting down and abandoning module UMG (182)
[2017.05.05-09.13.14:351][858]LogModuleManager: Shutting down and abandoning module UMGEditor (181)
[2017.05.05-09.13.14:351][858]LogModuleManager: Shutting down and abandoning module Sequencer (180)
[2017.05.05-09.13.14:351][858]LogModuleManager: Shutting down and abandoning module AssetTools (178)
[2017.05.05-09.13.14:351][858]LogModuleManager: Shutting down and abandoning module MessageLog (177)
[2017.05.05-09.13.14:351][858]LogModuleManager: Shutting down and abandoning module WorkspaceMenuStructure (176)
[2017.05.05-09.13.14:351][858]LogModuleManager: Shutting down and abandoning module SlateReflector (170)
[2017.05.05-09.13.14:351][858]LogModuleManager: Shutting down and abandoning module Slate (168)
[2017.05.05-09.13.14:351][858]LogModuleManager: Shutting down and abandoning module EditorStyle (166)
[2017.05.05-09.13.14:353][858]LogModuleManager: Shutting down and abandoning module SourceCodeAccess (164)
[2017.05.05-09.13.14:353][858]LogModuleManager: Shutting down and abandoning module HeadMountedDisplay (162)
[2017.05.05-09.13.14:353][858]LogModuleManager: Shutting down and abandoning module XAudio2 (160)
[2017.05.05-09.13.14:353][858]LogModuleManager: Shutting down and abandoning module Networking (158)
[2017.05.05-09.13.14:353][858]LogModuleManager: Shutting down and abandoning module Core (154)
[2017.05.05-09.13.14:353][858]LogModuleManager: Shutting down and abandoning module AssetRegistry (152)
[2017.05.05-09.13.14:505][858]LogDirectoryWatcher: A directory notification for '../../../Engine/Content/' was aborted.
[2017.05.05-09.13.14:505][858]LogDirectoryWatcher: A directory notification for '../../../../../../Unreal_Projects/VRFP_Template/Content/' was aborted.
[2017.05.05-09.13.14:505][858]LogDirectoryWatcher: A directory notification for '../../../Engine/Plugins/2D/Paper2D/Content/' was aborted.
[2017.05.05-09.13.14:505][858]LogModuleManager: Shutting down and abandoning module DirectoryWatcher (151)
[2017.05.05-09.13.14:508][858]LogModuleManager: Shutting down and abandoning module KismetCompiler (148)
[2017.05.05-09.13.14:508][858]LogModuleManager: Shutting down and abandoning module PhysXFormats (146)
[2017.05.05-09.13.14:508][858]LogModuleManager: Shutting down and abandoning module MeshUtilities (144)
[2017.05.05-09.13.14:508][858]LogModuleManager: Shutting down and abandoning module SimplygonSwarm (143)
[2017.05.05-09.13.14:508][858]LogModuleManager: Shutting down and abandoning module SimplygonMeshReduction (141)
[2017.05.05-09.13.14:508][858]LogModuleManager: Shutting down and abandoning module QuadricMeshReduction (139)
[2017.05.05-09.13.14:508][858]LogModuleManager: Shutting down and abandoning module PropertyEditor (137)
[2017.05.05-09.13.14:508][858]LogModuleManager: Shutting down and abandoning module DerivedDataCache (134)
[2017.05.05-09.13.14:523][858]LogDerivedDataCache: Shutdown
[2017.05.05-09.13.14:523][858]LogModuleManager: Shutting down and abandoning module TargetPlatform (132)
[2017.05.05-09.13.14:523][858]LogModuleManager: Shutting down and abandoning module VulkanShaderFormat (131)
[2017.05.05-09.13.14:523][858]LogModuleManager: Shutting down and abandoning module ShaderFormatOpenGL (129)
[2017.05.05-09.13.14:523][858]LogModuleManager: Shutting down and abandoning module ShaderFormatD3D (127)
[2017.05.05-09.13.14:523][858]LogModuleManager: Shutting down and abandoning module MetalShaderFormat (125)
[2017.05.05-09.13.14:523][858]LogModuleManager: Shutting down and abandoning module TextureFormatUncompressed (123)
[2017.05.05-09.13.14:523][858]LogModuleManager: Shutting down and abandoning module TextureFormatPVR (121)
[2017.05.05-09.13.14:523][858]LogModuleManager: Shutting down and abandoning module TextureFormatDXT (119)
[2017.05.05-09.13.14:523][858]LogModuleManager: Shutting down and abandoning module TextureFormatIntelISPCTexComp (117)
[2017.05.05-09.13.14:523][858]LogModuleManager: Shutting down and abandoning module TextureFormatASTC (115)
[2017.05.05-09.13.14:523][858]LogModuleManager: Shutting down and abandoning module ImageWrapper (114)
[2017.05.05-09.13.14:523][858]LogModuleManager: Shutting down and abandoning module TextureFormatAndroid (111)
[2017.05.05-09.13.14:523][858]LogModuleManager: Shutting down and abandoning module AudioFormatOpus (109)
[2017.05.05-09.13.14:523][858]LogModuleManager: Shutting down and abandoning module AudioFormatOgg (107)
[2017.05.05-09.13.14:523][858]LogModuleManager: Shutting down and abandoning module AudioFormatADPCM (105)
[2017.05.05-09.13.14:523][858]LogModuleManager: Shutting down and abandoning module LinuxTargetPlatform (103)
[2017.05.05-09.13.14:523][858]LogModuleManager: Shutting down and abandoning module LinuxServerTargetPlatform (101)
[2017.05.05-09.13.14:523][858]LogModuleManager: Shutting down and abandoning module LinuxNoEditorTargetPlatform (99)
[2017.05.05-09.13.14:523][858]LogModuleManager: Shutting down and abandoning module LinuxClientTargetPlatform (97)
[2017.05.05-09.13.14:523][858]LogModuleManager: Shutting down and abandoning module TVOSTargetPlatform (95)
[2017.05.05-09.13.14:523][858]LogModuleManager: Shutting down and abandoning module Messaging (93)
[2017.05.05-09.13.14:523][858]LogModuleManager: Shutting down and abandoning module IOSTargetPlatform (91)
[2017.05.05-09.13.14:523][858]LogModuleManager: Shutting down and abandoning module HTML5TargetPlatform (89)
[2017.05.05-09.13.14:523][858]LogModuleManager: Shutting down and abandoning module Android_PVRTCTargetPlatform (87)
[2017.05.05-09.13.14:523][858]LogModuleManager: Shutting down and abandoning module Android_MultiTargetPlatform (85)
[2017.05.05-09.13.14:523][858]LogModuleManager: Shutting down and abandoning module Android_ETC2TargetPlatform (83)
[2017.05.05-09.13.14:523][858]LogModuleManager: Shutting down and abandoning module Android_ETC1TargetPlatform (81)
[2017.05.05-09.13.14:523][858]LogModuleManager: Shutting down and abandoning module Android_DXTTargetPlatform (79)
[2017.05.05-09.13.14:523][858]LogModuleManager: Shutting down and abandoning module Android_ATCTargetPlatform (77)
[2017.05.05-09.13.14:523][858]LogModuleManager: Shutting down and abandoning module Android_ASTCTargetPlatform (75)
[2017.05.05-09.13.14:523][858]LogModuleManager: Shutting down and abandoning module AndroidTargetPlatform (73)
[2017.05.05-09.13.14:523][858]LogModuleManager: Shutting down and abandoning module WindowsTargetPlatform (71)
[2017.05.05-09.13.14:523][858]LogModuleManager: Shutting down and abandoning module WindowsServerTargetPlatform (69)
[2017.05.05-09.13.14:523][858]LogModuleManager: Shutting down and abandoning module WindowsNoEditorTargetPlatform (67)
[2017.05.05-09.13.14:523][858]LogModuleManager: Shutting down and abandoning module WindowsClientTargetPlatform (65)
[2017.05.05-09.13.14:523][858]LogModuleManager: Shutting down and abandoning module MacTargetPlatform (63)
[2017.05.05-09.13.14:523][858]LogModuleManager: Shutting down and abandoning module MacServerTargetPlatform (61)
[2017.05.05-09.13.14:523][858]LogModuleManager: Shutting down and abandoning module MacNoEditorTargetPlatform (59)
[2017.05.05-09.13.14:523][858]LogModuleManager: Shutting down and abandoning module MacClientTargetPlatform (57)
[2017.05.05-09.13.14:523][858]LogModuleManager: Shutting down and abandoning module AllDesktopTargetPlatform (55)
[2017.05.05-09.13.14:523][858]LogModuleManager: Shutting down and abandoning module InputCore (52)
[2017.05.05-09.13.14:523][858]LogModuleManager: Shutting down and abandoning module Settings (50)
[2017.05.05-09.13.14:523][858]LogModuleManager: Shutting down and abandoning module OculusRift (48)
[2017.05.05-09.13.14:524][858]LogHMD: Oculus shutdown.
[2017.05.05-09.13.14:524][858]LogModuleManager: Shutting down and abandoning module GearVR (46)
[2017.05.05-09.13.14:524][858]LogModuleManager: Shutting down and abandoning module ExampleDeviceProfileSelector (44)
[2017.05.05-09.13.14:524][858]LogModuleManager: Shutting down and abandoning module OnlineBlueprintSupport (42)
[2017.05.05-09.13.14:524][858]LogModuleManager: Shutting down and abandoning module OnlineSubsystem (38)
[2017.05.05-09.13.14:524][858]LogOnline:Display: Unloading online subsystem: NULL
[2017.05.05-09.13.14:524][858]LogModuleManager: Shutting down and abandoning module XMPP (37)
[2017.05.05-09.13.14:524][858]LogModuleManager: Shutting down and abandoning module HTTP (35)
[2017.05.05-09.13.14:524][858]LogHttp:Display: Http module shutting down, but needs to wait on 1 outstanding Http requests:
[2017.05.05-09.13.14:524][858]LogHttp:Display: 	verb=[POST] url=[https://datarouter.ol.epicgames.com/datarouter/api/v1/public/data?SessionID=%7B14DB635D-4B39-1734-3521-CE9D67F955DF%7D&AppID=UEEditor.Rocket.Release&AppVersion=4.15.2-3416026%2B%2B%2BUE4%2BRelease-4.15&UserID=2ea397f744cf0b3eaa04c0b210ba0136%7C9a86f858d3cd455aae7c835e17cf557b%7Cdcf39b6e-08c8-4986-8e61-1fc1b55d6ef6&AppEnvironment=datacollector-binary&UploadType=eteventstream] status=Processing
[2017.05.05-09.13.14:525][858]LogModuleManager: Shutting down and abandoning module SSL (34)
[2017.05.05-09.13.14:527][858]LogModuleManager: Shutting down and abandoning module AudioEditor (30)
[2017.05.05-09.13.14:527][858]LogModuleManager: Shutting down and abandoning module TextureCompressor (28)
[2017.05.05-09.13.14:527][858]LogModuleManager: Shutting down and abandoning module ShaderCore (26)
[2017.05.05-09.13.14:527][858]LogModuleManager: Shutting down and abandoning module Landscape (24)
[2017.05.05-09.13.14:527][858]LogModuleManager: Shutting down and abandoning module SlateRHIRenderer (22)
[2017.05.05-09.13.14:529][858]LogModuleManager: Shutting down and abandoning module OpenGLDrv (20)
[2017.05.05-09.13.14:529][858]LogModuleManager: Shutting down and abandoning module D3D11RHI (18)
[2017.05.05-09.13.14:529][858]LogModuleManager: Shutting down and abandoning module AnimGraphRuntime (16)
[2017.05.05-09.13.14:529][858]LogModuleManager: Shutting down and abandoning module Renderer (14)
[2017.05.05-09.13.14:529][858]LogModuleManager: Shutting down and abandoning module Engine (12)
[2017.05.05-09.13.14:529][858]LogModuleManager: Shutting down and abandoning module CoreUObject (10)
[2017.05.05-09.13.14:529][858]LogModuleManager: Shutting down and abandoning module NetworkFile (8)
[2017.05.05-09.13.14:529][858]LogModuleManager: Shutting down and abandoning module StreamingFile (6)
[2017.05.05-09.13.14:529][858]LogModuleManager: Shutting down and abandoning module SandboxFile (4)
[2017.05.05-09.13.14:529][858]LogModuleManager: Shutting down and abandoning module PakFile (2)
[2017.05.05-09.13.14:531][858]LogExit: Exiting.
[2017.05.05-09.13.14:532][858]Log file closed, 05/05/17 11:13:14
