Log file open, 05/04/17 18:19:49
LogInit:Display: Running engine for game: VRFP_Template
LogPlatformFile: Not using cached read wrapper
LogInit:Display: RandInit(-276738061) SRandInit(-276738061).
LogTaskGraph: Started task graph with 5 named threads and 8 total threads with 1 sets of task threads.
LogStats: Stats thread started at 0.082286
LogInit: Using libcurl 7.47.1
LogInit:  - built for x86_64-pc-win32
LogInit:  - supports SSL with OpenSSL/1.0.2g
LogInit:  - supports HTTP deflate (compression) using libz 1.2.8
LogInit:  - other features:
LogInit:      CURL_VERSION_SSL
LogInit:      CURL_VERSION_LIBZ
LogInit:      CURL_VERSION_IPV6
LogInit:      CURL_VERSION_ASYNCHDNS
LogInit:      CURL_VERSION_LARGEFILE
LogInit:      CURL_VERSION_IDN
LogInit:  CurlRequestOptions (configurable via config and command line):
LogInit:  - bVerifyPeer = false  - Libcurl will NOT verify peer certificate
LogInit:  - bUseHttpProxy = false  - Libcurl will NOT use HTTP proxy
LogInit:  - bDontReuseConnections = false  - Libcurl will reuse connections
LogInit:  - CertBundlePath = nullptr  - Libcurl will use whatever was configured at build time.
OCULUS: Info: [CAPI] LibOVR module is located at C:\Program Files\Oculus\Support\oculus-runtime\LibOVRRT64_1.dll
OCULUS: Debug: Connected to the server running version (prod = 1).1.14.0(build = 378771) feature version = 0. Client runs version (prod = 1).1.14.0(build = 378771) feature version = 0
LogHMD: GearVR: Emulating GearVR using Oculus Rift!
LogInit: Build: ++UE4+Release-4.15-CL-3416026
LogInit: Engine Version: 4.15.2-3416026+++UE4+Release-4.15
LogInit: Compatible Engine Version: 4.15.0-3299760+++UE4+Release-4.15
LogInit: Net CL: 3299760
LogDevObjectVersion: Number of dev versions registered: 14
LogDevObjectVersion:   Dev-Blueprints (B0D832E4-1F89-4F0D-ACCF-7EB736FD4AA2): 8
LogDevObjectVersion:   Dev-Build (E1C64328-A22C-4D53-A36C-8E866417BD8C): 0
LogDevObjectVersion:   Dev-Core (375EC13C-06E4-48FB-B500-84F0262A717E): 2
LogDevObjectVersion:   Dev-Editor (E4B068ED-F494-42E9-A231-DA0B2E46BB41): 14
LogDevObjectVersion:   Dev-Framework (CFFC743F-43B0-4480-9391-14DF171D2073): 22
LogDevObjectVersion:   Dev-Mobile (B02B49B5-BB20-44E9-A304-32B752E40360): 0
LogDevObjectVersion:   Dev-Networking (A4E4105C-59A1-49B5-A7C5-40C4547EDFEE): 0
LogDevObjectVersion:   Dev-Online (39C831C9-5AE6-47DC-9A44-9C173E1C8E7C): 0
LogDevObjectVersion:   Dev-Physics (78F01B33-EBEA-4F98-B9B4-84EACCB95AA2): 0
LogDevObjectVersion:   Dev-Platform (6631380F-2D4D-43E0-8009-CF276956A95A): 0
LogDevObjectVersion:   Dev-Rendering (12F88B9F-8875-4AFC-A67C-D90C383ABD29): 12
LogDevObjectVersion:   Dev-Sequencer (7B5AE74C-D270-4C10-A958-57980B212A5A): 3
LogDevObjectVersion:   Dev-VR (D7296918-1DD6-4BDD-9DE2-64A83CC13884): 0
LogDevObjectVersion:   Dev-LoadTimes (C2A15278-BFE7-4AFE-6C17-90FF531DF755): 1
LogInit: Compiled (64-bit): May  1 2017 13:11:28
LogInit: Compiled with Visual C++: 19.00.23026.00
LogInit: Build Configuration: Development
LogInit: Branch Name: ++UE4+Release-4.15
LogInit: Command line:  
LogInit: Base directory: C:/Program Files/Epic Games/UE_4.15/Engine/Binaries/Win64/
LogInit: Installed Engine Build: 1
LogInit: Presizing for max 8388607 objects, including 0 objects not considered by GC, pre-allocating 0 bytes for permanent pool.
LogInit: Object subsystem initialized
[2017.05.04-16.19.50:877][  0]LogInit: Selected Device Profile: [Windows]
[2017.05.04-16.19.50:877][  0]LogInit: Applying CVar settings loaded from the selected device profile: [Windows]
[2017.05.04-16.19.50:889][  0]LogInit: Computer: MROG2
[2017.05.04-16.19.50:889][  0]LogInit: User: MathieuVENOT
[2017.05.04-16.19.50:889][  0]LogInit: CPU Page size=65536, Cores=4
[2017.05.04-16.19.50:889][  0]LogInit: High frequency timer resolution =2.250000 MHz
[2017.05.04-16.19.50:889][  0]LogMemory: Memory total: Physical=15.9GB (16GB approx)
[2017.05.04-16.19.50:889][  0]LogMemory: Platform Memory Stats for Windows
[2017.05.04-16.19.50:889][  0]LogMemory: Process Physical Memory: 267.85 MB used, 267.85 MB peak
[2017.05.04-16.19.50:889][  0]LogMemory: Process Virtual Memory: 265.55 MB used, 265.55 MB peak
[2017.05.04-16.19.50:889][  0]LogMemory: Physical Memory: 5872.85 MB used,  10444.29 MB free, 16317.14 MB total
[2017.05.04-16.19.50:889][  0]LogMemory: Virtual Memory: 681.41 MB used,  10444.29 MB free, 134217728.00 MB total
[2017.05.04-16.19.50:978][  0]LogTextLocalizationManager: No translations for ('fr-FR') exist, falling back to 'en' for localization and internationalization data.
[2017.05.04-16.19.51:735][  0]LogD3D11RHI: D3D11 adapters:
[2017.05.04-16.19.51:768][  0]LogD3D11RHI:    0. 'NVIDIA GeForce GTX 1060' (Feature Level 11_0)
[2017.05.04-16.19.51:768][  0]LogD3D11RHI:       6084/0/8158 MB DedicatedVideo/DedicatedSystem/SharedSystem, Outputs:2, VendorId:0x10de
[2017.05.04-16.19.51:770][  0]LogD3D11RHI:    1. 'Microsoft Basic Render Driver' (Feature Level 11_0)
[2017.05.04-16.19.51:770][  0]LogD3D11RHI:       0/0/8158 MB DedicatedVideo/DedicatedSystem/SharedSystem, Outputs:0, VendorId:0x1414
[2017.05.04-16.19.51:770][  0]LogD3D11RHI: Chosen D3D11 Adapter: 0
[2017.05.04-16.19.51:775][  0]LogD3D11RHI: Creating new Direct3DDevice
[2017.05.04-16.19.51:775][  0]LogD3D11RHI:     GPU DeviceId: 0x1c60 (for the marketing name, search the web for "GPU Device Id")
[2017.05.04-16.19.51:775][  0]LogWindows: EnumDisplayDevices:
[2017.05.04-16.19.51:775][  0]LogWindows:    0. 'NVIDIA GeForce GTX 1060' (P:1 D:1)
[2017.05.04-16.19.51:775][  0]LogWindows:    1. 'NVIDIA GeForce GTX 1060' (P:0 D:1)
[2017.05.04-16.19.51:776][  0]LogWindows:    2. 'NVIDIA GeForce GTX 1060' (P:0 D:0)
[2017.05.04-16.19.51:776][  0]LogWindows:    3. 'NVIDIA GeForce GTX 1060' (P:0 D:0)
[2017.05.04-16.19.51:776][  0]LogWindows: DebugString: FoundDriverCount:4 
[2017.05.04-16.19.51:776][  0]LogD3D11RHI:     Adapter Name: NVIDIA GeForce GTX 1060
[2017.05.04-16.19.51:776][  0]LogD3D11RHI:   Driver Version: 381.89 (internal:22.21.13.8189, unified:381.89)
[2017.05.04-16.19.51:776][  0]LogD3D11RHI:      Driver Date: 4-19-2017
[2017.05.04-16.19.51:776][  0]LogRHI: Texture pool is 1361 MB (70% of 1945 MB)
[2017.05.04-16.19.51:799][  0]LogD3D11RHI: [Aftermath] Aftermath enabled and primed
[2017.05.04-16.19.51:799][  0]LogD3D11RHI: Async texture creation enabled
[2017.05.04-16.19.51:810][  0]LogD3D11RHI: GPU Timing Frequency: 1000.000000 (Debug: 2 1)
[2017.05.04-16.19.51:901][  0]LogShaderCompilers: Guid format shader working directory is 7 characters bigger than the processId version (../../../../../../Unreal_Projects/VRFP_Template/Intermediate/Shaders/WorkingDirectory/9752/).
[2017.05.04-16.19.51:901][  0]LogShaderCompilers: Cleaned the shader compiler working directory 'C:/Users/Mathieu_VENOT/AppData/Local/Temp/UnrealShaderWorkingDir/00CE039F4CA59CED52CF87AE69D9DFC7/'.
[2017.05.04-16.19.51:901][  0]LogShaderCompilers:Display: Using Local Shader Compiler.
[2017.05.04-16.19.53:110][  0]LogTemp:Display: Loaded TP AllDesktopTargetPlatform
[2017.05.04-16.19.53:174][  0]LogTemp:Display: Loaded TP MacClientTargetPlatform
[2017.05.04-16.19.53:240][  0]LogTemp:Display: Loaded TP MacNoEditorTargetPlatform
[2017.05.04-16.19.53:308][  0]LogTemp:Display: Loaded TP MacServerTargetPlatform
[2017.05.04-16.19.53:379][  0]LogTemp:Display: Loaded TP MacTargetPlatform
[2017.05.04-16.19.53:448][  0]LogTemp:Display: Loaded TP WindowsClientTargetPlatform
[2017.05.04-16.19.53:509][  0]LogTemp:Display: Loaded TP WindowsNoEditorTargetPlatform
[2017.05.04-16.19.53:570][  0]LogTemp:Display: Loaded TP WindowsServerTargetPlatform
[2017.05.04-16.19.53:621][  0]LogTemp:Display: Loaded TP WindowsTargetPlatform
[2017.05.04-16.19.53:687][  0]LogTemp:Display: Loaded TP AndroidTargetPlatform
[2017.05.04-16.19.53:751][  0]LogTemp:Display: Loaded TP Android_ASTCTargetPlatform
[2017.05.04-16.19.53:811][  0]LogTemp:Display: Loaded TP Android_ATCTargetPlatform
[2017.05.04-16.19.53:885][  0]LogTemp:Display: Loaded TP Android_DXTTargetPlatform
[2017.05.04-16.19.53:953][  0]LogTemp:Display: Loaded TP Android_ETC1TargetPlatform
[2017.05.04-16.19.54:033][  0]LogTemp:Display: Loaded TP Android_ETC2TargetPlatform
[2017.05.04-16.19.54:196][  0]LogTemp:Display: Loaded TP Android_MultiTargetPlatform
[2017.05.04-16.19.54:196][  0]LogTemp:Display: Loaded TP Android_PVRTCTargetPlatform
[2017.05.04-16.19.54:240][  0]LogTemp:Display: Loaded TP HTML5TargetPlatform
[2017.05.04-16.19.54:356][  0]LogTemp:Display: Loaded TP IOSTargetPlatform
[2017.05.04-16.19.54:397][  0]LogTemp:Display: Loaded TP TVOSTargetPlatform
[2017.05.04-16.19.54:462][  0]LogTemp:Display: Loaded TP LinuxClientTargetPlatform
[2017.05.04-16.19.54:525][  0]LogTemp:Display: Loaded TP LinuxNoEditorTargetPlatform
[2017.05.04-16.19.54:593][  0]LogTemp:Display: Loaded TP LinuxServerTargetPlatform
[2017.05.04-16.19.54:659][  0]LogTemp:Display: Loaded TP LinuxTargetPlatform
[2017.05.04-16.19.54:659][  0]LogTargetPlatformManager:Display: Building Assets For Windows
[2017.05.04-16.19.55:254][  0]LogDerivedDataCache:Display: Max Cache Size: 512 MB
[2017.05.04-16.19.55:314][  0]LogDerivedDataCache: Loaded boot cache 0.06s 61MB C:/Users/Mathieu_VENOT/AppData/Local/UnrealEngine/4.15/DerivedDataCache/Boot.ddc.
[2017.05.04-16.19.55:314][  0]LogDerivedDataCache:Display: Loaded Boot cache: C:/Users/Mathieu_VENOT/AppData/Local/UnrealEngine/4.15/DerivedDataCache/Boot.ddc
[2017.05.04-16.19.55:314][  0]LogDerivedDataCache: FDerivedDataBackendGraph:  Pak pak cache file ../../../../../../Unreal_Projects/VRFP_Template/DerivedDataCache/DDC.ddp not found, will not use a pak cache.
[2017.05.04-16.19.55:314][  0]LogDerivedDataCache: Unable to find inner node Pak for hierarchical cache Hierarchy.
[2017.05.04-16.19.55:314][  0]LogDerivedDataCache: FDerivedDataBackendGraph:  CompressedPak pak cache file ../../../../../../Unreal_Projects/VRFP_Template/DerivedDataCache/Compressed.ddp not found, will not use a pak cache.
[2017.05.04-16.19.55:314][  0]LogDerivedDataCache: Unable to find inner node CompressedPak for hierarchical cache Hierarchy.
[2017.05.04-16.19.55:339][  0]LogDerivedDataCache:Display: Pak cache opened for reading ../../../Engine/DerivedDataCache/Compressed.ddp.
[2017.05.04-16.19.55:351][  0]LogDerivedDataCache: Using Local data cache path C:/Users/Mathieu_VENOT/AppData/Local/UnrealEngine/Common/DerivedDataCache: Writable
[2017.05.04-16.19.55:371][  0]LogSlate: Using Freetype 2.6.0
[2017.05.04-16.19.55:371][  0]LogSlate: SlateFontCache - WITH_FREETYPE: 1, WITH_HARFBUZZ: 1
[2017.05.04-16.19.55:371][  0]LogSlate: SlateFontCache - WITH_FREETYPE: 1, WITH_HARFBUZZ: 1
[2017.05.04-16.19.55:682][  0]LogInit: Selected Device Profile: [Windows]
[2017.05.04-16.19.55:685][  0]LogContentStreaming: Texture pool size is 0.00 MB
[2017.05.04-16.19.55:967][  0]LogMeshUtilities: Using QuadricMeshReduction for automatic static mesh reduction
[2017.05.04-16.19.56:017][  0]LogSimplygon: Simplygon DLL not present - disabling.
[2017.05.04-16.19.56:085][  0]LogMeshUtilities: Using SimplygonSwarm for distributed automatic mesh merging
[2017.05.04-16.19.56:085][  0]LogMeshUtilities: No automatic skeletal mesh reduction module available
[2017.05.04-16.19.56:085][  0]LogMeshUtilities: No automatic mesh merging module available
[2017.05.04-16.19.56:726][  0]LogNetVersion: GetLocalNetworkVersion: CL: 3299760, ProjectName: vrfp_template, ProjectVersion: , EngineNetworkVersion: 2, GameNetworkVersion: 0, NetworkChecksum: 3159130397
[2017.05.04-16.19.56:777][  0]LogAssetRegistry: FAssetRegistry took 0.0212 seconds to start up
[2017.05.04-16.19.56:814][  0]LogPackageLocalizationCache: Processed 3 localized package path(s) for 1 prioritized culture(s) in 0.013989 seconds
[2017.05.04-16.19.56:820][  0]LogUObjectArray: 32493 objects as part of root set at end of initial load.
[2017.05.04-16.19.56:820][  0]LogUObjectAllocator: 7077024 out of 0 bytes used by permanent object pool.
[2017.05.04-16.19.56:820][  0]LogUObjectArray: CloseDisregardForGC: 0/0 objects in disregard for GC pool
[2017.05.04-16.19.56:893][  0]LogInit: WinSock: version 1.1 (2.2), MaxSocks=32767, MaxUdp=65467
[2017.05.04-16.19.58:682][  0]LogTcpMessaging: Initializing TcpMessaging bridge
[2017.05.04-16.19.58:725][  0]LogUdpMessaging: Initializing bridge on interface 0.0.0.0:0 to multicast group 230.0.0.1:6666.
[2017.05.04-16.19.59:249][  0]LogMaterial: Uniform references updated for custom material expression Custom.
[2017.05.04-16.19.59:692][  0]SourceControl: Info Source control is disabled
[2017.05.04-16.19.59:693][  0]SourceControl: Info Source control is disabled
[2017.05.04-16.19.59:744][  0]SourceControl: Info Source control is disabled
[2017.05.04-16.19.59:793][  0]SourceControl: Info Source control is disabled
[2017.05.04-16.20.01:249][  0]LogEngine: Initializing Engine...
[2017.05.04-16.20.03:670][  0]LogHMD: SteamVR initialized.  Driver: lighthouse  Display: LHR-B1F34B51
[2017.05.04-16.20.03:829][  0]LogStats: UGameplayTagsManager::ConstructGameplayTagTree: Construct from data asset -  0.000 s
[2017.05.04-16.20.03:829][  0]LogStats: UGameplayTagsManager::ConstructGameplayTagTree: GameplayTagTreeChangedEvent.Broadcast -  0.000 s
[2017.05.04-16.20.04:049][  0]LogAIModule: Creating AISystem for world Untitled
[2017.05.04-16.20.04:061][  0]LogInit: XAudio2 using 'Speakers (USB Audio Device)' : 2 channels at 44.1 kHz using 16 bits per sample (channel mask 0x3)
[2017.05.04-16.20.04:101][  0]LogInit: FAudioDevice initialized.
[2017.05.04-16.20.04:131][  0]LogDerivedDataCache: Saved boot cache 0.03s 61MB C:/Users/Mathieu_VENOT/AppData/Local/UnrealEngine/4.15/DerivedDataCache/Boot.ddc.
[2017.05.04-16.20.04:142][  0]LogInit: Texture streaming: Enabled
[2017.05.04-16.20.04:318][  0]LogEngineSessionManager: EngineSessionManager initialized
[2017.05.04-16.20.04:464][  0]LogInit: Transaction tracking system initialized
[2017.05.04-16.20.05:182][  0]BlueprintLog: New page: Editor Load
[2017.05.04-16.20.06:432][  0]LocalizationService: Info Localization service is disabled
[2017.05.04-16.20.07:424][  0]LogConsoleResponse:Display: 
[2017.05.04-16.20.07:592][  0]LogCook:Display: Max memory allowance for cook 16384mb min free memory 0mb
[2017.05.04-16.20.07:592][  0]LogCook:Display: Mobile HDR setting 1
[2017.05.04-16.20.08:515][  0]LogFileCache: Scanning file cache for directory 'C:/Unreal_Projects/VRFP_Template/Content/' took 0.02s
[2017.05.04-16.20.09:219][  0]SourceControl: Info Source control is disabled
[2017.05.04-16.20.09:219][  0]Cmd: MAP LOAD FILE="../../../../../../Unreal_Projects/VRFP_Template/Content/VirtualRealityBP/Maps/MotionControllerMap.umap" TEMPLATE=0 SHOWPROGRESS=1 FEATURELEVEL=3
[2017.05.04-16.20.09:220][  0]LightingResults: New page: Lighting Build
[2017.05.04-16.20.09:267][  0]MapCheck: New page: Map Check
[2017.05.04-16.20.09:267][  0]LightingResults: New page: Lighting Build
[2017.05.04-16.20.10:273][  0]LogAIModule: Creating AISystem for world MotionControllerMap
[2017.05.04-16.20.10:310][  0]LogEditorServer: Finished looking for orphan Actors (0.000 secs)
[2017.05.04-16.20.10:311][  0]Cmd: MAP CHECKDEP NOCLEARLOG
[2017.05.04-16.20.10:363][  0]MapCheck: Info Map check complete: 0 Error(s), 0 Warning(s), took 51.571ms to complete.
[2017.05.04-16.20.10:363][  0]LogFileHelpers: Loading map 'MotionControllerMap' took 1.143
[2017.05.04-16.20.10:439][  0]LogWindowsTextInputMethodSystem:Display: IME system now deactivated.
[2017.05.04-16.20.10:598][  0]LogCollectionManager: Loaded 0 collections in 0.001754 seconds
[2017.05.04-16.20.10:687][  0]LogFileCache: Scanning file cache for directory 'C:/Unreal_Projects/VRFP_Template/Saved/Collections/' took 0.01s
[2017.05.04-16.20.10:687][  0]LogFileCache: Scanning file cache for directory 'C:/Unreal_Projects/VRFP_Template/Content/Developers/MathieuVENOT/Collections/' took 0.01s
[2017.05.04-16.20.10:687][  0]LogFileCache: Scanning file cache for directory 'C:/Unreal_Projects/VRFP_Template/Content/Collections/' took 0.01s
[2017.05.04-16.20.10:687][  0]LogCollectionManager: Rebuilt the GUID cache for 0 collections in 0.000003 seconds
[2017.05.04-16.20.10:698][  0]LogContentBrowser: Native class hierarchy populated in 0.0112 seconds. Added 2245 classes and 453 folders.
[2017.05.04-16.20.10:772][  0]LogContentBrowser: Native class hierarchy updated for 'WidgetCarousel' in 0.0006 seconds. Added 0 classes and 0 folders.
[2017.05.04-16.20.10:811][  0]LogContentBrowser: Native class hierarchy updated for 'AddContentDialog' in 0.0006 seconds. Added 0 classes and 0 folders.
[2017.05.04-16.20.10:856][  0]LogContentBrowser: Native class hierarchy updated for 'SceneOutliner' in 0.0005 seconds. Added 1 classes and 2 folders.
[2017.05.04-16.20.10:980][  0]LogCrashTracker: Crashtracker disabled due to settings.
[2017.05.04-16.20.10:986][  0]LogUObjectGlobals:Warning: Failed to find object 'Class None.'
[2017.05.04-16.20.11:064][  0]LogContentBrowser: Native class hierarchy updated for 'HierarchicalLODOutliner' in 0.0006 seconds. Added 1 classes and 2 folders.
[2017.05.04-16.20.11:064][  0]LogLoad: (Engine Initialization) Total time: 22.64 seconds
[2017.05.04-16.20.11:064][  0]LogLoad: (Engine Initialization) Total Blueprint compile time: 0.35 seconds
[2017.05.04-16.20.11:064][  0]LogExternalProfiler: No external profilers were discovered.  External profiling features will not be available.
[2017.05.04-16.20.11:082][  0]LogOcInput: OculusInput pre-init called
[2017.05.04-16.20.11:096][  0]LogOcInput: OculusInput is initialized. Init status 0. Runtime version: 1.14.0
[2017.05.04-16.20.11:118][  0]LogContentStreaming: Texture pool size now 3000 MB
[2017.05.04-16.20.11:119][  0]LogSlate: Took 0.000220 seconds to synchronously load lazily loaded font '../../../Engine/Content/Slate/Fonts/Roboto-Regular.ttf' (155K)
[2017.05.04-16.20.11:124][  0]LogSlate: Took 0.000249 seconds to synchronously load lazily loaded font '../../../Engine/Content/Slate/Fonts/Roboto-Bold.ttf' (160K)
[2017.05.04-16.20.11:130][  0]LogSlate: Took 0.000199 seconds to synchronously load lazily loaded font '../../../Engine/Content/Editor/Slate/Fonts/FontAwesome.ttf' (139K)
[2017.05.04-16.20.11:278][  0]LogSlate: Took 0.000142 seconds to synchronously load lazily loaded font '../../../Engine/Content/Slate/Fonts/Roboto-Light.ttf' (159K)
[2017.05.04-16.20.11:331][  0]LogRenderer: Reallocating scene render targets to support 1208x576 NumSamples 1 (Frame:2).
[2017.05.04-16.20.11:412][  1]LogAssetRegistry: Asset discovery search completed in 14.6568 seconds
[2017.05.04-16.20.11:413][  1]LogCollectionManager: Rebuilt the object cache for 0 collections in 0.000008 seconds (found 0 objects)
[2017.05.04-16.20.11:413][  1]LogCollectionManager: Fixed up redirectors for 0 collections in 0.000024 seconds (updated 0 objects)
[2017.05.04-16.21.02:920][850]LogBlueprintUserMessages: Early PlayInEditor Detection: Level '/Game/VirtualRealityBP/Maps/MotionControllerMap.MotionControllerMap:PersistentLevel' has LevelScriptBlueprint '/Game/VirtualRealityBP/Maps/MotionControllerMap.MotionControllerMap:PersistentLevel.MotionControllerMap' with GeneratedClass '/Game/VirtualRealityBP/Maps/MotionControllerMap.MotionControllerMap_C' with ClassGeneratedBy '/Game/VirtualRealityBP/Maps/MotionControllerMap.MotionControllerMap:PersistentLevel.MotionControllerMap'
[2017.05.04-16.21.02:921][850]LogPlayLevel: PlayLevel: No blueprints needed recompiling
[2017.05.04-16.21.02:921][850]PIE: New page: PIE session: MotionControllerMap (May 4, 2017, 8:21:02 PM)
[2017.05.04-16.21.02:921][850]LogPlayLevel: Creating play world package: /Game/VirtualRealityBP/Maps/UEDPIE_0_MotionControllerMap
[2017.05.04-16.21.02:930][850]LogPlayLevel: PIE: StaticDuplicateObject took: (0.008942s)
[2017.05.04-16.21.02:931][850]LogAIModule: Creating AISystem for world MotionControllerMap
[2017.05.04-16.21.02:931][850]LogPlayLevel: PIE: World Init took: (0.000919s)
[2017.05.04-16.21.02:931][850]LogPlayLevel: PIE: Created PIE world by copying editor world from /Game/VirtualRealityBP/Maps/MotionControllerMap.MotionControllerMap to /Game/VirtualRealityBP/Maps/UEDPIE_0_MotionControllerMap.MotionControllerMap (0.010124s)
[2017.05.04-16.21.02:956][850]LogInit: XAudio2 using 'Speakers (Realtek High Definition Audio)' : 2 channels at 48 kHz using 32 bits per sample (channel mask 0x3)
[2017.05.04-16.21.02:968][850]LogInit: FAudioDevice initialized.
[2017.05.04-16.21.03:077][850]LogLoad: Game class is 'GameModeBase'
[2017.05.04-16.21.03:081][850]LogWorld: Bringing World /Game/VirtualRealityBP/Maps/UEDPIE_0_MotionControllerMap.MotionControllerMap up for play (max tick rate 0) at 2017.05.04-18.21.03
[2017.05.04-16.21.03:082][850]LogWorld: Bringing up level for play took: 0.002717
[2017.05.04-16.21.03:153][850]LogContentBrowser: Native class hierarchy updated for 'MovieSceneCapture' in 0.0007 seconds. Added 11 classes and 0 folders.
[2017.05.04-16.21.03:157][850]Cmd: Stereo On
[2017.05.04-16.21.03:223][850]LogRenderer: Reallocating scene render targets to support 3024x1680 NumSamples 1 (Frame:625).
[2017.05.04-16.21.03:223][850]PIE: Info Play in editor start time for /Game/VirtualRealityBP/Maps/UEDPIE_0_MotionControllerMap 0.118
[2017.05.04-16.21.03:224][850]LogBlueprintUserMessages: Late PlayInEditor Detection: Level '/Game/VirtualRealityBP/Maps/MotionControllerMap.MotionControllerMap:PersistentLevel' has LevelScriptBlueprint '/Game/VirtualRealityBP/Maps/MotionControllerMap.MotionControllerMap:PersistentLevel.MotionControllerMap' with GeneratedClass '/Game/VirtualRealityBP/Maps/MotionControllerMap.MotionControllerMap_C' with ClassGeneratedBy '/Game/VirtualRealityBP/Maps/MotionControllerMap.MotionControllerMap:PersistentLevel.MotionControllerMap'
[2017.05.04-16.21.08:196][277]LogBlueprintUserMessages: Early EndPlayMap Detection: Level '/Game/VirtualRealityBP/Maps/MotionControllerMap.MotionControllerMap:PersistentLevel' has LevelScriptBlueprint '/Game/VirtualRealityBP/Maps/MotionControllerMap.MotionControllerMap:PersistentLevel.MotionControllerMap' with GeneratedClass '/Game/VirtualRealityBP/Maps/MotionControllerMap.MotionControllerMap_C' with ClassGeneratedBy '/Game/VirtualRealityBP/Maps/MotionControllerMap.MotionControllerMap:PersistentLevel.MotionControllerMap'
[2017.05.04-16.21.08:307][277]LogBlueprintUserMessages: Late EndPlayMap Detection: Level '/Game/VirtualRealityBP/Maps/MotionControllerMap.MotionControllerMap:PersistentLevel' has LevelScriptBlueprint '/Game/VirtualRealityBP/Maps/MotionControllerMap.MotionControllerMap:PersistentLevel.MotionControllerMap' with GeneratedClass '/Game/VirtualRealityBP/Maps/MotionControllerMap.MotionControllerMap_C' with ClassGeneratedBy '/Game/VirtualRealityBP/Maps/MotionControllerMap.MotionControllerMap:PersistentLevel.MotionControllerMap'
[2017.05.04-16.21.12:806][537]LogSlate: Took 0.000156 seconds to synchronously load lazily loaded font '../../../Engine/Content/Slate/Fonts/Roboto-Light.ttf' (159K)
[2017.05.04-16.21.13:002][537]LogSavePackage: Save=161.26ms
[2017.05.04-16.21.13:002][537]LogSavePackage: Moving '../../../../../../Unreal_Projects/VRFP_Template/Saved/UEDPCMotionControllerMap49798A1F48694155171655A4C756697B.tmp' to '../../../../../../Unreal_Projects/VRFP_Template/Saved/Autosaves/Game/VirtualRealityBP/Maps/UEDPCMotionControllerMap.umap'
[2017.05.04-16.21.13:004][537]LogSavePackage:Display: Finished SavePackage ../../../../../../Unreal_Projects/VRFP_Template/Saved/Autosaves/Game/VirtualRealityBP/Maps/UEDPCMotionControllerMap.umap
[2017.05.04-16.21.13:374][537]LogSavePackage: Save=349.60ms
[2017.05.04-16.21.13:374][537]LogSavePackage: Moving '../../../../../../Unreal_Projects/VRFP_Template/Saved/MotionControllerMap_BuiltData51203246458421FD73188D9627449653.tmp' to '../../../../../../Unreal_Projects/VRFP_Template/Content/VirtualRealityBP/Maps/MotionControllerMap_BuiltData.uasset'
[2017.05.04-16.21.13:375][537]LogSavePackage:Display: Finished SavePackage ../../../../../../Unreal_Projects/VRFP_Template/Content/VirtualRealityBP/Maps/MotionControllerMap_BuiltData.uasset
[2017.05.04-16.21.13:380][537]LogEditorTransaction: Undo Spawn Play From Here Start
[2017.05.04-16.21.13:382][537]LogHMD:Warning: Standalone game VR not supported, please use VR Preview.
[2017.05.04-16.21.35:395][780]LogSavePackage: Save=159.37ms
[2017.05.04-16.21.35:395][780]LogSavePackage: Moving '../../../../../../Unreal_Projects/VRFP_Template/Saved/MotionControllerMapE5173BAF40F869A587905F9D210E4757.tmp' to '../../../../../../Unreal_Projects/VRFP_Template/Content/VirtualRealityBP/Maps/MotionControllerMap.umap'
[2017.05.04-16.21.35:396][780]LogSavePackage:Display: Finished SavePackage ../../../../../../Unreal_Projects/VRFP_Template/Content/VirtualRealityBP/Maps/MotionControllerMap.umap
[2017.05.04-16.21.35:602][780]LogSavePackage: Save=171.27ms
[2017.05.04-16.21.35:602][780]LogSavePackage: Moving '../../../../../../Unreal_Projects/VRFP_Template/Saved/MotionControllerMap_BuiltData50C152F544404A3206D3E09F38E5E134.tmp' to '../../../../../../Unreal_Projects/VRFP_Template/Content/VirtualRealityBP/Maps/MotionControllerMap_BuiltData.uasset'
[2017.05.04-16.21.35:603][780]LogSavePackage:Display: Finished SavePackage ../../../../../../Unreal_Projects/VRFP_Template/Content/VirtualRealityBP/Maps/MotionControllerMap_BuiltData.uasset
[2017.05.04-16.21.37:132][867]LogWindowsTextInputMethodSystem:Display: IME system now deactivated.
[2017.05.04-16.21.37:340][868]Cmd: QUIT_EDITOR
[2017.05.04-16.21.38:271][868]LogExit: Preparing to exit.
[2017.05.04-16.21.38:900][868]LogDirectoryWatcher: A directory notification for 'C:/Unreal_Projects/VRFP_Template/Content/' was aborted.
[2017.05.04-16.21.38:927][868]LogExit: Editor shut down
[2017.05.04-16.21.38:927][868]LogExit: Transaction tracking system shut down
[2017.05.04-16.21.39:032][868]LogObj: Freed 0b from 0 cluster array pools.
[2017.05.04-16.21.39:032][868]LogExit: Object subsystem successfully closed.
[2017.05.04-16.21.39:053][868]LogD3D11RHI: Shutdown
[2017.05.04-16.21.39:053][868]LogD3D11RHI: CleanupD3DDevice
[2017.05.04-16.21.39:054][868]LogD3D11RHI: ~FD3D11DynamicRHI
[2017.05.04-16.21.39:091][868]LogModuleManager: Shutting down and abandoning module MovieSceneCapture (500)
[2017.05.04-16.21.39:091][868]LogModuleManager: Shutting down and abandoning module HierarchicalLODOutliner (498)
[2017.05.04-16.21.39:091][868]LogModuleManager: Shutting down and abandoning module CrashTracker (496)
[2017.05.04-16.21.39:091][868]LogModuleManager: Shutting down and abandoning module SceneOutliner (494)
[2017.05.04-16.21.39:091][868]LogModuleManager: Shutting down and abandoning module AddContentDialog (492)
[2017.05.04-16.21.39:091][868]LogDirectoryWatcher: A directory notification for 'C:/Program Files/Epic Games/UE_4.15/FeaturePacks/' was aborted.
[2017.05.04-16.21.39:093][868]LogModuleManager: Shutting down and abandoning module WidgetCarousel (491)
[2017.05.04-16.21.39:093][868]LogModuleManager: Shutting down and abandoning module EditorWidgets (488)
[2017.05.04-16.21.39:093][868]LogModuleManager: Shutting down and abandoning module CollectionManager (486)
[2017.05.04-16.21.39:093][868]LogDirectoryWatcher: A directory notification for 'C:/Unreal_Projects/VRFP_Template/Content/Collections/' was aborted.
[2017.05.04-16.21.39:093][868]LogDirectoryWatcher: A directory notification for 'C:/Unreal_Projects/VRFP_Template/Content/Developers/MathieuVENOT/Collections/' was aborted.
[2017.05.04-16.21.39:093][868]LogDirectoryWatcher: A directory notification for 'C:/Unreal_Projects/VRFP_Template/Saved/Collections/' was aborted.
[2017.05.04-16.21.39:093][868]LogModuleManager: Shutting down and abandoning module StatsViewer (484)
[2017.05.04-16.21.39:093][868]LogModuleManager: Shutting down and abandoning module FoliageEdit (482)
[2017.05.04-16.21.39:093][868]LogModuleManager: Shutting down and abandoning module LandscapeEditor (480)
[2017.05.04-16.21.39:093][868]LogModuleManager: Shutting down and abandoning module SceneDepthPickerMode (478)
[2017.05.04-16.21.39:093][868]LogModuleManager: Shutting down and abandoning module ActorPickerMode (476)
[2017.05.04-16.21.39:093][868]LogModuleManager: Shutting down and abandoning module GeometryMode (474)
[2017.05.04-16.21.39:093][868]LogModuleManager: Shutting down and abandoning module TextureAlignMode (472)
[2017.05.04-16.21.39:093][868]LogModuleManager: Shutting down and abandoning module BspMode (470)
[2017.05.04-16.21.39:093][868]LogModuleManager: Shutting down and abandoning module HardwareSurvey (468)
[2017.05.04-16.21.39:093][868]LogModuleManager: Shutting down and abandoning module SequenceRecorderSections (466)
[2017.05.04-16.21.39:093][868]LogModuleManager: Shutting down and abandoning module AutomationWorker (464)
[2017.05.04-16.21.39:093][868]LogModuleManager: Shutting down and abandoning module MatineeToLevelSequence (462)
[2017.05.04-16.21.39:093][868]LogModuleManager: Shutting down and abandoning module LevelSequenceEditor (460)
[2017.05.04-16.21.39:093][868]LogModuleManager: Shutting down and abandoning module PlacementMode (459)
[2017.05.04-16.21.39:093][868]LogModuleManager: Shutting down and abandoning module WmfMediaFactory (456)
[2017.05.04-16.21.39:093][868]LogModuleManager: Shutting down and abandoning module WmfMediaEditor (454)
[2017.05.04-16.21.39:093][868]LogModuleManager: Shutting down and abandoning module MfMediaFactory (452)
[2017.05.04-16.21.39:093][868]LogModuleManager: Shutting down and abandoning module MfMediaEditor (450)
[2017.05.04-16.21.39:093][868]LogModuleManager: Shutting down and abandoning module AvfMediaFactory (448)
[2017.05.04-16.21.39:093][868]LogModuleManager: Shutting down and abandoning module AvfMediaEditor (446)
[2017.05.04-16.21.39:093][868]LogModuleManager: Shutting down and abandoning module AndroidMediaFactory (444)
[2017.05.04-16.21.39:093][868]LogModuleManager: Shutting down and abandoning module Media (443)
[2017.05.04-16.21.39:093][868]LogModuleManager: Shutting down and abandoning module AndroidMediaEditor (440)
[2017.05.04-16.21.39:093][868]LogModuleManager: Shutting down and abandoning module CharacterAI (438)
[2017.05.04-16.21.39:093][868]LogModuleManager: Shutting down and abandoning module AudioCapture (436)
[2017.05.04-16.21.39:093][868]LogModuleManager: Shutting down and abandoning module SequenceRecorder (435)
[2017.05.04-16.21.39:093][868]LogModuleManager: Shutting down and abandoning module SmartSnapping (432)
[2017.05.04-16.21.39:093][868]LogModuleManager: Shutting down and abandoning module SessionServices (430)
[2017.05.04-16.21.39:093][868]LogModuleManager: Shutting down and abandoning module ViewportSnapping (428)
[2017.05.04-16.21.39:094][868]LogModuleManager: Shutting down and abandoning module ViewportInteraction (426)
[2017.05.04-16.21.39:094][868]LogModuleManager: Shutting down and abandoning module LogVisualizer (424)
[2017.05.04-16.21.39:094][868]LogModuleManager: Shutting down and abandoning module IntroTutorials (422)
[2017.05.04-16.21.39:094][868]LogModuleManager: Shutting down and abandoning module GameProjectGeneration (421)
[2017.05.04-16.21.39:094][868]LogModuleManager: Shutting down and abandoning module EditorLiveStreaming (418)
[2017.05.04-16.21.39:094][868]LogModuleManager: Shutting down and abandoning module IOSPlatformEditor (416)
[2017.05.04-16.21.39:094][868]LogModuleManager: Shutting down and abandoning module HTML5PlatformEditor (414)
[2017.05.04-16.21.39:094][868]LogModuleManager: Shutting down and abandoning module AndroidPlatformEditor (412)
[2017.05.04-16.21.39:094][868]LogModuleManager: Shutting down and abandoning module AndroidDeviceDetection (411)
[2017.05.04-16.21.40:031][868]LogModuleManager: Shutting down and abandoning module IOSRuntimeSettings (408)
[2017.05.04-16.21.40:031][868]LogModuleManager: Shutting down and abandoning module AndroidRuntimeSettings (406)
[2017.05.04-16.21.40:031][868]LogModuleManager: Shutting down and abandoning module InputBindingEditor (404)
[2017.05.04-16.21.40:031][868]LogModuleManager: Shutting down and abandoning module NiagaraEditor (402)
[2017.05.04-16.21.40:031][868]LogModuleManager: Shutting down and abandoning module MergeActors (400)
[2017.05.04-16.21.40:031][868]LogModuleManager: Shutting down and abandoning module SizeMap (398)
[2017.05.04-16.21.40:031][868]LogModuleManager: Shutting down and abandoning module TreeMap (396)
[2017.05.04-16.21.40:031][868]LogModuleManager: Shutting down and abandoning module ReferenceViewer (394)
[2017.05.04-16.21.40:031][868]LogModuleManager: Shutting down and abandoning module LocalizationDashboard (392)
[2017.05.04-16.21.40:031][868]LogModuleManager: Shutting down and abandoning module LocalizationService (391)
[2017.05.04-16.21.40:031][868]LogModuleManager: Shutting down and abandoning module HardwareTargeting (388)
[2017.05.04-16.21.40:031][868]LogModuleManager: Shutting down and abandoning module DeviceProfileEditor (386)
[2017.05.04-16.21.40:031][868]LogModuleManager: Shutting down and abandoning module UndoHistory (384)
[2017.05.04-16.21.40:031][868]LogModuleManager: Shutting down and abandoning module UserFeedback (382)
[2017.05.04-16.21.40:031][868]LogModuleManager: Shutting down and abandoning module XmlParser (380)
[2017.05.04-16.21.40:031][868]LogModuleManager: Shutting down and abandoning module Blutility (378)
[2017.05.04-16.21.40:031][868]LogModuleManager: Shutting down and abandoning module ProjectSettingsViewer (376)
[2017.05.04-16.21.40:031][868]LogModuleManager: Shutting down and abandoning module ProjectTargetPlatformEditor (375)
[2017.05.04-16.21.40:031][868]LogModuleManager: Shutting down and abandoning module EditorSettingsViewer (372)
[2017.05.04-16.21.40:031][868]LogModuleManager: Shutting down and abandoning module SettingsEditor (370)
[2017.05.04-16.21.40:031][868]LogModuleManager: Shutting down and abandoning module ProjectLauncher (368)
[2017.05.04-16.21.40:031][868]LogModuleManager: Shutting down and abandoning module SessionFrontend (366)
[2017.05.04-16.21.40:031][868]LogModuleManager: Shutting down and abandoning module ProfilerClient (364)
[2017.05.04-16.21.40:031][868]LogModuleManager: Shutting down and abandoning module DeviceManager (362)
[2017.05.04-16.21.40:031][868]LogModuleManager: Shutting down and abandoning module TargetDeviceServices (361)
[2017.05.04-16.21.40:086][868]LogModuleManager: Shutting down and abandoning module AutomationController (358)
[2017.05.04-16.21.40:086][868]LogModuleManager: Shutting down and abandoning module AutomationWindow (356)
[2017.05.04-16.21.40:086][868]LogModuleManager: Shutting down and abandoning module Layers (354)
[2017.05.04-16.21.40:086][868]LogModuleManager: Shutting down and abandoning module ComponentVisualizers (352)
[2017.05.04-16.21.40:086][868]LogModuleManager: Shutting down and abandoning module DetailCustomizations (350)
[2017.05.04-16.21.40:086][868]LogModuleManager: Shutting down and abandoning module PackagesDialog (348)
[2017.05.04-16.21.40:086][868]LogModuleManager: Shutting down and abandoning module Persona (346)
[2017.05.04-16.21.40:086][868]LogModuleManager: Shutting down and abandoning module AnimGraph (345)
[2017.05.04-16.21.40:086][868]LogModuleManager: Shutting down and abandoning module Kismet (342)
[2017.05.04-16.21.40:087][868]LogModuleManager: Shutting down and abandoning module GraphEditor (340)
[2017.05.04-16.21.40:087][868]LogModuleManager: Shutting down and abandoning module ClassViewer (338)
[2017.05.04-16.21.40:087][868]LogModuleManager: Shutting down and abandoning module Toolbox (336)
[2017.05.04-16.21.40:087][868]LogModuleManager: Shutting down and abandoning module ModuleUI (334)
[2017.05.04-16.21.40:087][868]LogModuleManager: Shutting down and abandoning module MovieSceneTools (332)
[2017.05.04-16.21.40:087][868]LogModuleManager: Shutting down and abandoning module OutputLog (330)
[2017.05.04-16.21.40:087][868]LogModuleManager: Shutting down and abandoning module GammaUI (328)
[2017.05.04-16.21.40:087][868]LogModuleManager: Shutting down and abandoning module Documentation (326)
[2017.05.04-16.21.40:088][868]LogModuleManager: Shutting down and abandoning module Niagara (324)
[2017.05.04-16.21.40:088][868]LogModuleManager: Shutting down and abandoning module StreamingPauseRendering (322)
[2017.05.04-16.21.40:088][868]LogModuleManager: Shutting down and abandoning module AnalyticsET (320)
[2017.05.04-16.21.40:088][868]LogModuleManager: Shutting down and abandoning module PortalServices (318)
[2017.05.04-16.21.40:088][868]LogModuleManager: Shutting down and abandoning module PortalRpc (316)
[2017.05.04-16.21.40:088][868]LogModuleManager: Shutting down and abandoning module MessagingRpc (314)
[2017.05.04-16.21.40:088][868]LogModuleManager: Shutting down and abandoning module AIModule (312)
[2017.05.04-16.21.40:088][868]LogModuleManager: Shutting down and abandoning module GameplayDebugger (311)
[2017.05.04-16.21.40:088][868]LogModuleManager: Shutting down and abandoning module AITestSuite (309)
[2017.05.04-16.21.40:088][868]LogModuleManager: Shutting down and abandoning module ProfilerService (306)
[2017.05.04-16.21.40:201][868]LogModuleManager: Shutting down and abandoning module TaskGraph (304)
[2017.05.04-16.21.40:201][868]LogModuleManager: Shutting down and abandoning module SteamVRController (302)
[2017.05.04-16.21.40:201][868]LogModuleManager: Shutting down and abandoning module SteamVR (300)
[2017.05.04-16.21.40:201][868]LogModuleManager: Shutting down and abandoning module ProceduralMeshComponentEditor (298)
[2017.05.04-16.21.40:201][868]LogModuleManager: Shutting down and abandoning module ProceduralMeshComponent (296)
[2017.05.04-16.21.40:201][868]LogModuleManager: Shutting down and abandoning module OculusLibrary (294)
[2017.05.04-16.21.40:201][868]LogModuleManager: Shutting down and abandoning module OculusInput (292)
[2017.05.04-16.21.40:201][868]LogModuleManager: Shutting down and abandoning module MobilePatchingUtils (290)
[2017.05.04-16.21.40:201][868]LogModuleManager: Shutting down and abandoning module CustomMeshComponent (288)
[2017.05.04-16.21.40:201][868]LogModuleManager: Shutting down and abandoning module CableComponent (286)
[2017.05.04-16.21.40:201][868]LogModuleManager: Shutting down and abandoning module ArchVisCharacter (284)
[2017.05.04-16.21.40:201][868]LogModuleManager: Shutting down and abandoning module MediaPlayerEditor (280)
[2017.05.04-16.21.40:201][868]LogModuleManager: Shutting down and abandoning module HTML5Networking (278)
[2017.05.04-16.21.40:201][868]LogModuleManager: Shutting down and abandoning module AlembicImporter (276)
[2017.05.04-16.21.40:201][868]LogModuleManager: Shutting down and abandoning module AlembicLibrary (275)
[2017.05.04-16.21.40:201][868]LogModuleManager: Shutting down and abandoning module GeometryCache (274)
[2017.05.04-16.21.40:201][868]LogModuleManager: Shutting down and abandoning module GeometryCacheEd (273)
[2017.05.04-16.21.40:202][868]LogModuleManager: Shutting down and abandoning module SuperSearchEditor (268)
[2017.05.04-16.21.40:202][868]LogModuleManager: Shutting down and abandoning module SuperSearch (267)
[2017.05.04-16.21.40:202][868]LogModuleManager: Shutting down and abandoning module SpeedTreeImporter (264)
[2017.05.04-16.21.40:202][868]LogModuleManager: Shutting down and abandoning module PluginBrowser (262)
[2017.05.04-16.21.40:202][868]LogModuleManager: Shutting down and abandoning module MobileLauncherProfileWizard (260)
[2017.05.04-16.21.40:202][868]LogModuleManager: Shutting down and abandoning module EpicSurvey (258)
[2017.05.04-16.21.40:202][868]LogModuleManager: Shutting down and abandoning module VisualStudioSourceCodeAccess (256)
[2017.05.04-16.21.40:202][868]LogModuleManager: Shutting down and abandoning module DesktopPlatform (255)
[2017.05.04-16.21.40:202][868]LogModuleManager: Shutting down and abandoning module UObjectPlugin (252)
[2017.05.04-16.21.40:202][868]LogModuleManager: Shutting down and abandoning module SubversionSourceControl (250)
[2017.05.04-16.21.40:202][868]LogModuleManager: Shutting down and abandoning module PerforceSourceControl (248)
[2017.05.04-16.21.40:202][868]LogModuleManager: Shutting down and abandoning module GitSourceControl (246)
[2017.05.04-16.21.40:202][868]LogModuleManager: Shutting down and abandoning module SourceControl (245)
[2017.05.04-16.21.40:202][868]LogModuleManager: Shutting down and abandoning module LightPropagationVolumeEditor (242)
[2017.05.04-16.21.40:202][868]LogModuleManager: Shutting down and abandoning module PaperTiledImporter (240)
[2017.05.04-16.21.40:202][868]LogModuleManager: Shutting down and abandoning module PaperSpriteSheetImporter (238)
[2017.05.04-16.21.40:202][868]LogModuleManager: Shutting down and abandoning module Paper2DEditor (236)
[2017.05.04-16.21.40:202][868]LogModuleManager: Shutting down and abandoning module MeshPaint (235)
[2017.05.04-16.21.40:202][868]LogModuleManager: Shutting down and abandoning module LevelEditor (233)
[2017.05.04-16.21.40:203][868]LogModuleManager: Shutting down and abandoning module PixelInspectorModule (232)
[2017.05.04-16.21.40:203][868]LogModuleManager: Shutting down and abandoning module MainFrame (230)
[2017.05.04-16.21.40:203][868]LogModuleManager: Shutting down and abandoning module HotReload (229)
[2017.05.04-16.21.40:203][868]LogModuleManager: Shutting down and abandoning module ContentBrowser (225)
[2017.05.04-16.21.40:204][868]LogModuleManager: Shutting down and abandoning module PhysXVehiclesEditor (222)
[2017.05.04-16.21.40:204][868]LogModuleManager: Shutting down and abandoning module PhysXVehicles (220)
[2017.05.04-16.21.40:204][868]LogModuleManager: Shutting down and abandoning module LocationServicesBPLibrary (218)
[2017.05.04-16.21.40:204][868]LogModuleManager: Shutting down and abandoning module UdpMessaging (216)
[2017.05.04-16.21.40:305][868]LogModuleManager: Shutting down and abandoning module TcpMessaging (214)
[2017.05.04-16.21.40:405][868]LogModuleManager: Shutting down and abandoning module GameplayTagsEditor (212)
[2017.05.04-16.21.40:405][868]LogModuleManager: Shutting down and abandoning module FacialAnimationEditor (210)
[2017.05.04-16.21.40:405][868]LogModuleManager: Shutting down and abandoning module FacialAnimation (208)
[2017.05.04-16.21.40:405][868]LogModuleManager: Shutting down and abandoning module LightPropagationVolumeRuntime (206)
[2017.05.04-16.21.40:405][868]LogModuleManager: Shutting down and abandoning module Paper2D (204)
[2017.05.04-16.21.40:405][868]LogModuleManager: Shutting down and abandoning module WindowsMoviePlayer (202)
[2017.05.04-16.21.40:405][868]LogModuleManager: Shutting down and abandoning module WmfMedia (200)
[2017.05.04-16.21.40:406][868]LogModuleManager: Shutting down and abandoning module MfMedia (198)
[2017.05.04-16.21.40:406][868]LogModuleManager: Shutting down and abandoning module MediaAssets (196)
[2017.05.04-16.21.40:406][868]LogModuleManager: Shutting down and abandoning module GameLiveStreaming (194)
[2017.05.04-16.21.40:406][868]LogModuleManager: Shutting down and abandoning module VREditor (192)
[2017.05.04-16.21.40:406][868]LogModuleManager: Shutting down and abandoning module GameplayTasksEditor (190)
[2017.05.04-16.21.40:406][868]LogModuleManager: Shutting down and abandoning module BehaviorTreeEditor (188)
[2017.05.04-16.21.40:406][868]LogModuleManager: Shutting down and abandoning module FunctionalTesting (186)
[2017.05.04-16.21.40:406][868]LogModuleManager: Shutting down and abandoning module CollisionAnalyzer (184)
[2017.05.04-16.21.40:406][868]LogModuleManager: Shutting down and abandoning module UMG (182)
[2017.05.04-16.21.40:406][868]LogModuleManager: Shutting down and abandoning module UMGEditor (181)
[2017.05.04-16.21.40:406][868]LogModuleManager: Shutting down and abandoning module Sequencer (180)
[2017.05.04-16.21.40:406][868]LogModuleManager: Shutting down and abandoning module AssetTools (178)
[2017.05.04-16.21.40:406][868]LogModuleManager: Shutting down and abandoning module MessageLog (177)
[2017.05.04-16.21.40:406][868]LogModuleManager: Shutting down and abandoning module WorkspaceMenuStructure (176)
[2017.05.04-16.21.40:406][868]LogModuleManager: Shutting down and abandoning module SlateReflector (170)
[2017.05.04-16.21.40:406][868]LogModuleManager: Shutting down and abandoning module Slate (168)
[2017.05.04-16.21.40:406][868]LogModuleManager: Shutting down and abandoning module EditorStyle (166)
[2017.05.04-16.21.40:409][868]LogModuleManager: Shutting down and abandoning module SourceCodeAccess (164)
[2017.05.04-16.21.40:409][868]LogModuleManager: Shutting down and abandoning module HeadMountedDisplay (162)
[2017.05.04-16.21.40:409][868]LogModuleManager: Shutting down and abandoning module XAudio2 (160)
[2017.05.04-16.21.40:409][868]LogModuleManager: Shutting down and abandoning module Networking (158)
[2017.05.04-16.21.40:409][868]LogModuleManager: Shutting down and abandoning module Core (154)
[2017.05.04-16.21.40:409][868]LogModuleManager: Shutting down and abandoning module AssetRegistry (152)
[2017.05.04-16.21.40:556][868]LogDirectoryWatcher: A directory notification for '../../../Engine/Content/' was aborted.
[2017.05.04-16.21.40:556][868]LogDirectoryWatcher: A directory notification for '../../../../../../Unreal_Projects/VRFP_Template/Content/' was aborted.
[2017.05.04-16.21.40:556][868]LogDirectoryWatcher: A directory notification for '../../../Engine/Plugins/2D/Paper2D/Content/' was aborted.
[2017.05.04-16.21.40:559][868]LogModuleManager: Shutting down and abandoning module DirectoryWatcher (151)
[2017.05.04-16.21.40:559][868]LogModuleManager: Shutting down and abandoning module KismetCompiler (148)
[2017.05.04-16.21.40:559][868]LogModuleManager: Shutting down and abandoning module PhysXFormats (146)
[2017.05.04-16.21.40:559][868]LogModuleManager: Shutting down and abandoning module MeshUtilities (144)
[2017.05.04-16.21.40:559][868]LogModuleManager: Shutting down and abandoning module SimplygonSwarm (143)
[2017.05.04-16.21.40:559][868]LogModuleManager: Shutting down and abandoning module SimplygonMeshReduction (141)
[2017.05.04-16.21.40:559][868]LogModuleManager: Shutting down and abandoning module QuadricMeshReduction (139)
[2017.05.04-16.21.40:559][868]LogModuleManager: Shutting down and abandoning module PropertyEditor (137)
[2017.05.04-16.21.40:560][868]LogModuleManager: Shutting down and abandoning module DerivedDataCache (134)
[2017.05.04-16.21.40:813][868]LogDerivedDataCache: Shutdown
[2017.05.04-16.21.40:813][868]LogModuleManager: Shutting down and abandoning module TargetPlatform (132)
[2017.05.04-16.21.40:813][868]LogModuleManager: Shutting down and abandoning module VulkanShaderFormat (131)
[2017.05.04-16.21.40:813][868]LogModuleManager: Shutting down and abandoning module ShaderFormatOpenGL (129)
[2017.05.04-16.21.40:813][868]LogModuleManager: Shutting down and abandoning module ShaderFormatD3D (127)
[2017.05.04-16.21.40:813][868]LogModuleManager: Shutting down and abandoning module MetalShaderFormat (125)
[2017.05.04-16.21.40:813][868]LogModuleManager: Shutting down and abandoning module TextureFormatUncompressed (123)
[2017.05.04-16.21.40:813][868]LogModuleManager: Shutting down and abandoning module TextureFormatPVR (121)
[2017.05.04-16.21.40:813][868]LogModuleManager: Shutting down and abandoning module TextureFormatDXT (119)
[2017.05.04-16.21.40:813][868]LogModuleManager: Shutting down and abandoning module TextureFormatIntelISPCTexComp (117)
[2017.05.04-16.21.40:813][868]LogModuleManager: Shutting down and abandoning module TextureFormatASTC (115)
[2017.05.04-16.21.40:813][868]LogModuleManager: Shutting down and abandoning module ImageWrapper (114)
[2017.05.04-16.21.40:813][868]LogModuleManager: Shutting down and abandoning module TextureFormatAndroid (111)
[2017.05.04-16.21.40:813][868]LogModuleManager: Shutting down and abandoning module AudioFormatOpus (109)
[2017.05.04-16.21.40:813][868]LogModuleManager: Shutting down and abandoning module AudioFormatOgg (107)
[2017.05.04-16.21.40:813][868]LogModuleManager: Shutting down and abandoning module AudioFormatADPCM (105)
[2017.05.04-16.21.40:813][868]LogModuleManager: Shutting down and abandoning module LinuxTargetPlatform (103)
[2017.05.04-16.21.40:813][868]LogModuleManager: Shutting down and abandoning module LinuxServerTargetPlatform (101)
[2017.05.04-16.21.40:813][868]LogModuleManager: Shutting down and abandoning module LinuxNoEditorTargetPlatform (99)
[2017.05.04-16.21.40:813][868]LogModuleManager: Shutting down and abandoning module LinuxClientTargetPlatform (97)
[2017.05.04-16.21.40:813][868]LogModuleManager: Shutting down and abandoning module TVOSTargetPlatform (95)
[2017.05.04-16.21.40:813][868]LogModuleManager: Shutting down and abandoning module Messaging (93)
[2017.05.04-16.21.40:813][868]LogModuleManager: Shutting down and abandoning module IOSTargetPlatform (91)
[2017.05.04-16.21.40:814][868]LogModuleManager: Shutting down and abandoning module HTML5TargetPlatform (89)
[2017.05.04-16.21.40:814][868]LogModuleManager: Shutting down and abandoning module Android_PVRTCTargetPlatform (87)
[2017.05.04-16.21.40:814][868]LogModuleManager: Shutting down and abandoning module Android_MultiTargetPlatform (85)
[2017.05.04-16.21.40:814][868]LogModuleManager: Shutting down and abandoning module Android_ETC2TargetPlatform (83)
[2017.05.04-16.21.40:814][868]LogModuleManager: Shutting down and abandoning module Android_ETC1TargetPlatform (81)
[2017.05.04-16.21.40:814][868]LogModuleManager: Shutting down and abandoning module Android_DXTTargetPlatform (79)
[2017.05.04-16.21.40:814][868]LogModuleManager: Shutting down and abandoning module Android_ATCTargetPlatform (77)
[2017.05.04-16.21.40:814][868]LogModuleManager: Shutting down and abandoning module Android_ASTCTargetPlatform (75)
[2017.05.04-16.21.40:814][868]LogModuleManager: Shutting down and abandoning module AndroidTargetPlatform (73)
[2017.05.04-16.21.40:814][868]LogModuleManager: Shutting down and abandoning module WindowsTargetPlatform (71)
[2017.05.04-16.21.40:814][868]LogModuleManager: Shutting down and abandoning module WindowsServerTargetPlatform (69)
[2017.05.04-16.21.40:814][868]LogModuleManager: Shutting down and abandoning module WindowsNoEditorTargetPlatform (67)
[2017.05.04-16.21.40:814][868]LogModuleManager: Shutting down and abandoning module WindowsClientTargetPlatform (65)
[2017.05.04-16.21.40:814][868]LogModuleManager: Shutting down and abandoning module MacTargetPlatform (63)
[2017.05.04-16.21.40:814][868]LogModuleManager: Shutting down and abandoning module MacServerTargetPlatform (61)
[2017.05.04-16.21.40:814][868]LogModuleManager: Shutting down and abandoning module MacNoEditorTargetPlatform (59)
[2017.05.04-16.21.40:814][868]LogModuleManager: Shutting down and abandoning module MacClientTargetPlatform (57)
[2017.05.04-16.21.40:814][868]LogModuleManager: Shutting down and abandoning module AllDesktopTargetPlatform (55)
[2017.05.04-16.21.40:814][868]LogModuleManager: Shutting down and abandoning module InputCore (52)
[2017.05.04-16.21.40:814][868]LogModuleManager: Shutting down and abandoning module Settings (50)
[2017.05.04-16.21.40:814][868]LogModuleManager: Shutting down and abandoning module OculusRift (48)
[2017.05.04-16.21.40:815][868]LogHMD: Oculus shutdown.
[2017.05.04-16.21.40:815][868]LogModuleManager: Shutting down and abandoning module GearVR (46)
[2017.05.04-16.21.40:815][868]LogModuleManager: Shutting down and abandoning module ExampleDeviceProfileSelector (44)
[2017.05.04-16.21.40:815][868]LogModuleManager: Shutting down and abandoning module OnlineBlueprintSupport (42)
[2017.05.04-16.21.40:815][868]LogModuleManager: Shutting down and abandoning module OnlineSubsystem (38)
[2017.05.04-16.21.40:815][868]LogOnline:Display: Unloading online subsystem: NULL
[2017.05.04-16.21.40:815][868]LogModuleManager: Shutting down and abandoning module XMPP (37)
[2017.05.04-16.21.40:815][868]LogModuleManager: Shutting down and abandoning module HTTP (35)
[2017.05.04-16.21.40:815][868]LogHttp:Display: Http module shutting down, but needs to wait on 1 outstanding Http requests:
[2017.05.04-16.21.40:815][868]LogHttp:Display: 	verb=[POST] url=[https://datarouter.ol.epicgames.com/datarouter/api/v1/public/data?SessionID=%7B7FF388B9-4FBB-638D-098F-2892C83785C6%7D&AppID=UEEditor.Rocket.Release&AppVersion=4.15.2-3416026%2B%2B%2BUE4%2BRelease-4.15&UserID=2ea397f744cf0b3eaa04c0b210ba0136%7C9a86f858d3cd455aae7c835e17cf557b%7Cdcf39b6e-08c8-4986-8e61-1fc1b55d6ef6&AppEnvironment=datacollector-binary&UploadType=eteventstream] status=Processing
[2017.05.04-16.21.40:843][868]LogModuleManager: Shutting down and abandoning module SSL (34)
[2017.05.04-16.21.40:844][868]LogModuleManager: Shutting down and abandoning module AudioEditor (30)
[2017.05.04-16.21.40:844][868]LogModuleManager: Shutting down and abandoning module TextureCompressor (28)
[2017.05.04-16.21.40:844][868]LogModuleManager: Shutting down and abandoning module ShaderCore (26)
[2017.05.04-16.21.40:845][868]LogModuleManager: Shutting down and abandoning module Landscape (24)
[2017.05.04-16.21.40:845][868]LogModuleManager: Shutting down and abandoning module SlateRHIRenderer (22)
[2017.05.04-16.21.40:845][868]LogModuleManager: Shutting down and abandoning module OpenGLDrv (20)
[2017.05.04-16.21.40:845][868]LogModuleManager: Shutting down and abandoning module D3D11RHI (18)
[2017.05.04-16.21.40:845][868]LogModuleManager: Shutting down and abandoning module AnimGraphRuntime (16)
[2017.05.04-16.21.40:845][868]LogModuleManager: Shutting down and abandoning module Renderer (14)
[2017.05.04-16.21.40:845][868]LogModuleManager: Shutting down and abandoning module Engine (12)
[2017.05.04-16.21.40:845][868]LogModuleManager: Shutting down and abandoning module CoreUObject (10)
[2017.05.04-16.21.40:845][868]LogModuleManager: Shutting down and abandoning module NetworkFile (8)
[2017.05.04-16.21.40:845][868]LogModuleManager: Shutting down and abandoning module StreamingFile (6)
[2017.05.04-16.21.40:845][868]LogModuleManager: Shutting down and abandoning module SandboxFile (4)
[2017.05.04-16.21.40:845][868]LogModuleManager: Shutting down and abandoning module PakFile (2)
[2017.05.04-16.21.40:847][868]LogExit: Exiting.
[2017.05.04-16.21.40:860][868]Log file closed, 05/04/17 18:21:40
